0 info it worked if it ends with ok
1 verbose cli [ '/usr/bin/nodejs', '/usr/bin/npm', 'install' ]
2 info using npm@3.5.2
3 info using node@v4.2.6
4 silly loadCurrentTree Starting
5 silly install loadCurrentTree
6 silly install readLocalPackageData
7 silly install normalizeTree
8 silly loadCurrentTree Finishing
9 silly loadIdealTree Starting
10 silly install loadIdealTree
11 silly cloneCurrentTree Starting
12 silly install cloneCurrentTreeToIdealTree
13 silly cloneCurrentTree Finishing
14 silly loadShrinkwrap Starting
15 silly install loadShrinkwrap
16 silly loadShrinkwrap Finishing
17 silly loadAllDepsIntoIdealTree Starting
18 silly install loadAllDepsIntoIdealTree
19 silly fetchNamedPackageData dtrace-provider
20 silly mapToRegistry name dtrace-provider
21 silly mapToRegistry using default registry
22 silly mapToRegistry registry https://registry.npmjs.org/
23 silly mapToRegistry uri https://registry.npmjs.org/dtrace-provider
24 verbose request uri https://registry.npmjs.org/dtrace-provider
25 verbose request no auth needed
26 info attempt registry request try #1 at 13:56:27
27 verbose request id 12338129bac6b61b
28 verbose etag "387A01LDRYXHFB4SXLF07JMIM"
29 http request GET https://registry.npmjs.org/dtrace-provider
30 http 304 https://registry.npmjs.org/dtrace-provider
31 verbose headers { date: 'Wed, 12 Oct 2016 13:56:27 GMT',
31 verbose headers   via: '1.1 varnish',
31 verbose headers   'cache-control': 'max-age=300',
31 verbose headers   etag: '"387A01LDRYXHFB4SXLF07JMIM"',
31 verbose headers   age: '297',
31 verbose headers   connection: 'keep-alive',
31 verbose headers   'x-served-by': 'cache-cdg8725-CDG',
31 verbose headers   'x-cache': 'HIT',
31 verbose headers   'x-cache-hits': '1',
31 verbose headers   'x-timer': 'S1476280587.376878,VS0,VE0',
31 verbose headers   vary: 'Accept-Encoding' }
32 silly get cb [ 304,
32 silly get   { date: 'Wed, 12 Oct 2016 13:56:27 GMT',
32 silly get     via: '1.1 varnish',
32 silly get     'cache-control': 'max-age=300',
32 silly get     etag: '"387A01LDRYXHFB4SXLF07JMIM"',
32 silly get     age: '297',
32 silly get     connection: 'keep-alive',
32 silly get     'x-served-by': 'cache-cdg8725-CDG',
32 silly get     'x-cache': 'HIT',
32 silly get     'x-cache-hits': '1',
32 silly get     'x-timer': 'S1476280587.376878,VS0,VE0',
32 silly get     vary: 'Accept-Encoding' } ]
33 verbose etag https://registry.npmjs.org/dtrace-provider from cache
34 verbose get saving dtrace-provider to /home/oporto/.npm/registry.npmjs.org/dtrace-provider/.cache.json
35 silly resolveWithNewModule dtrace-provider@0.6.0 checking installable status
36 silly cache add args [ 'dtrace-provider@^0.6.0', null ]
37 verbose cache add spec dtrace-provider@^0.6.0
38 silly cache add parsed spec Result {
38 silly cache add   raw: 'dtrace-provider@^0.6.0',
38 silly cache add   scope: null,
38 silly cache add   name: 'dtrace-provider',
38 silly cache add   rawSpec: '^0.6.0',
38 silly cache add   spec: '>=0.6.0 <0.7.0',
38 silly cache add   type: 'range' }
39 silly addNamed dtrace-provider@>=0.6.0 <0.7.0
40 verbose addNamed ">=0.6.0 <0.7.0" is a valid semver range for dtrace-provider
41 silly addNameRange { name: 'dtrace-provider',
41 silly addNameRange   range: '>=0.6.0 <0.7.0',
41 silly addNameRange   hasData: false }
42 silly mapToRegistry name dtrace-provider
43 silly mapToRegistry using default registry
44 silly mapToRegistry registry https://registry.npmjs.org/
45 silly mapToRegistry uri https://registry.npmjs.org/dtrace-provider
46 verbose addNameRange registry:https://registry.npmjs.org/dtrace-provider not in flight; fetching
47 verbose get https://registry.npmjs.org/dtrace-provider not expired, no request
48 silly addNameRange number 2 { name: 'dtrace-provider',
48 silly addNameRange   range: '>=0.6.0 <0.7.0',
48 silly addNameRange   hasData: true }
49 silly addNameRange versions [ 'dtrace-provider',
49 silly addNameRange   [ '0.0.1',
49 silly addNameRange     '0.0.2',
49 silly addNameRange     '0.0.3',
49 silly addNameRange     '0.0.4',
49 silly addNameRange     '0.0.5',
49 silly addNameRange     '0.0.6',
49 silly addNameRange     '0.0.7',
49 silly addNameRange     '0.0.8',
49 silly addNameRange     '0.0.9',
49 silly addNameRange     '0.2.0',
49 silly addNameRange     '0.2.1',
49 silly addNameRange     '0.2.2',
49 silly addNameRange     '0.2.3',
49 silly addNameRange     '0.2.4',
49 silly addNameRange     '0.2.5',
49 silly addNameRange     '0.2.6',
49 silly addNameRange     '0.2.7',
49 silly addNameRange     '0.2.8',
49 silly addNameRange     '0.3.0',
49 silly addNameRange     '0.3.1',
49 silly addNameRange     '0.3.2',
49 silly addNameRange     '0.4.0',
49 silly addNameRange     '0.5.0',
49 silly addNameRange     '0.6.0' ] ]
50 silly addNamed dtrace-provider@0.6.0
51 verbose addNamed "0.6.0" is a plain semver version for dtrace-provider
52 silly cache afterAdd dtrace-provider@0.6.0
53 verbose afterAdd /home/oporto/.npm/dtrace-provider/0.6.0/package/package.json not in flight; writing
54 verbose afterAdd /home/oporto/.npm/dtrace-provider/0.6.0/package/package.json written
55 silly fetchNamedPackageData nan
56 silly mapToRegistry name nan
57 silly mapToRegistry using default registry
58 silly mapToRegistry registry https://registry.npmjs.org/
59 silly mapToRegistry uri https://registry.npmjs.org/nan
60 verbose request uri https://registry.npmjs.org/nan
61 verbose request no auth needed
62 info attempt registry request try #1 at 13:56:27
63 verbose etag "1YJEPM5V4XH0MZT0HV3B8R9BB"
64 http request GET https://registry.npmjs.org/nan
65 http 304 https://registry.npmjs.org/nan
66 verbose headers { date: 'Wed, 12 Oct 2016 13:56:27 GMT',
66 verbose headers   via: '1.1 varnish',
66 verbose headers   'cache-control': 'max-age=300',
66 verbose headers   etag: '"1YJEPM5V4XH0MZT0HV3B8R9BB"',
66 verbose headers   age: '181',
66 verbose headers   connection: 'keep-alive',
66 verbose headers   'x-served-by': 'cache-cdg8735-CDG',
66 verbose headers   'x-cache': 'HIT',
66 verbose headers   'x-cache-hits': '6',
66 verbose headers   'x-timer': 'S1476280587.564824,VS0,VE0',
66 verbose headers   vary: 'Accept-Encoding' }
67 silly get cb [ 304,
67 silly get   { date: 'Wed, 12 Oct 2016 13:56:27 GMT',
67 silly get     via: '1.1 varnish',
67 silly get     'cache-control': 'max-age=300',
67 silly get     etag: '"1YJEPM5V4XH0MZT0HV3B8R9BB"',
67 silly get     age: '181',
67 silly get     connection: 'keep-alive',
67 silly get     'x-served-by': 'cache-cdg8735-CDG',
67 silly get     'x-cache': 'HIT',
67 silly get     'x-cache-hits': '6',
67 silly get     'x-timer': 'S1476280587.564824,VS0,VE0',
67 silly get     vary: 'Accept-Encoding' } ]
68 verbose etag https://registry.npmjs.org/nan from cache
69 verbose get saving nan to /home/oporto/.npm/registry.npmjs.org/nan/.cache.json
70 silly resolveWithNewModule nan@2.4.0 checking installable status
71 silly cache add args [ 'nan@^2.0.8', null ]
72 verbose cache add spec nan@^2.0.8
73 silly cache add parsed spec Result {
73 silly cache add   raw: 'nan@^2.0.8',
73 silly cache add   scope: null,
73 silly cache add   name: 'nan',
73 silly cache add   rawSpec: '^2.0.8',
73 silly cache add   spec: '>=2.0.8 <3.0.0',
73 silly cache add   type: 'range' }
74 silly addNamed nan@>=2.0.8 <3.0.0
75 verbose addNamed ">=2.0.8 <3.0.0" is a valid semver range for nan
76 silly addNameRange { name: 'nan', range: '>=2.0.8 <3.0.0', hasData: false }
77 silly mapToRegistry name nan
78 silly mapToRegistry using default registry
79 silly mapToRegistry registry https://registry.npmjs.org/
80 silly mapToRegistry uri https://registry.npmjs.org/nan
81 verbose addNameRange registry:https://registry.npmjs.org/nan not in flight; fetching
82 verbose get https://registry.npmjs.org/nan not expired, no request
83 silly addNameRange number 2 { name: 'nan', range: '>=2.0.8 <3.0.0', hasData: true }
84 silly addNameRange versions [ 'nan',
84 silly addNameRange   [ '0.3.0-wip',
84 silly addNameRange     '0.3.0-wip2',
84 silly addNameRange     '0.3.0',
84 silly addNameRange     '0.3.1',
84 silly addNameRange     '0.3.2',
84 silly addNameRange     '0.4.0',
84 silly addNameRange     '0.4.1',
84 silly addNameRange     '0.4.2',
84 silly addNameRange     '0.4.3',
84 silly addNameRange     '0.4.4',
84 silly addNameRange     '0.5.0',
84 silly addNameRange     '0.5.1',
84 silly addNameRange     '0.5.2',
84 silly addNameRange     '0.6.0',
84 silly addNameRange     '0.7.0',
84 silly addNameRange     '0.7.1',
84 silly addNameRange     '0.8.0',
84 silly addNameRange     '1.0.0',
84 silly addNameRange     '1.1.0',
84 silly addNameRange     '1.1.1',
84 silly addNameRange     '1.1.2',
84 silly addNameRange     '1.2.0',
84 silly addNameRange     '1.3.0',
84 silly addNameRange     '1.4.0',
84 silly addNameRange     '1.4.1',
84 silly addNameRange     '1.5.0',
84 silly addNameRange     '1.4.2',
84 silly addNameRange     '1.4.3',
84 silly addNameRange     '1.5.1',
84 silly addNameRange     '1.5.2',
84 silly addNameRange     '1.6.0',
84 silly addNameRange     '1.5.3',
84 silly addNameRange     '1.6.1',
84 silly addNameRange     '1.6.2',
84 silly addNameRange     '1.7.0',
84 silly addNameRange     '1.8.0',
84 silly addNameRange     '1.8.1',
84 silly addNameRange     '1.8.2',
84 silly addNameRange     '1.8.3',
84 silly addNameRange     '1.8.4',
84 silly addNameRange     '1.9.0',
84 silly addNameRange     '2.0.0',
84 silly addNameRange     '2.0.1',
84 silly addNameRange     '2.0.2',
84 silly addNameRange     '2.0.3',
84 silly addNameRange     '2.0.4',
84 silly addNameRange     '2.0.5',
84 silly addNameRange     '2.0.6',
84 silly addNameRange     '2.0.7',
84 silly addNameRange     '2.0.8',
84 silly addNameRange     '2.0.9',
84 silly addNameRange     '2.1.0',
84 silly addNameRange     '2.2.0',
84 silly addNameRange     '2.2.1',
84 silly addNameRange     '2.3.0',
84 silly addNameRange     '2.3.1',
84 silly addNameRange     '2.3.2',
84 silly addNameRange     '2.3.3',
84 silly addNameRange     '2.3.4',
84 silly addNameRange     '2.3.5',
84 silly addNameRange     '2.4.0' ] ]
85 silly addNamed nan@2.4.0
86 verbose addNamed "2.4.0" is a plain semver version for nan
87 silly cache afterAdd nan@2.4.0
88 verbose afterAdd /home/oporto/.npm/nan/2.4.0/package/package.json not in flight; writing
89 verbose afterAdd /home/oporto/.npm/nan/2.4.0/package/package.json written
90 silly fetchNamedPackageData dtrace-provider
91 silly mapToRegistry name dtrace-provider
92 silly mapToRegistry using default registry
93 silly mapToRegistry registry https://registry.npmjs.org/
94 silly mapToRegistry uri https://registry.npmjs.org/dtrace-provider
95 silly resolveWithNewModule dtrace-provider@0.2.8 checking installable status
96 silly cache add args [ 'dtrace-provider@0.2.8', null ]
97 verbose cache add spec dtrace-provider@0.2.8
98 silly cache add parsed spec Result {
98 silly cache add   raw: 'dtrace-provider@0.2.8',
98 silly cache add   scope: null,
98 silly cache add   name: 'dtrace-provider',
98 silly cache add   rawSpec: '0.2.8',
98 silly cache add   spec: '0.2.8',
98 silly cache add   type: 'version' }
99 silly addNamed dtrace-provider@0.2.8
100 verbose addNamed "0.2.8" is a plain semver version for dtrace-provider
101 silly mapToRegistry name dtrace-provider
102 silly mapToRegistry using default registry
103 silly mapToRegistry registry https://registry.npmjs.org/
104 silly mapToRegistry uri https://registry.npmjs.org/dtrace-provider
105 verbose addNameVersion registry:https://registry.npmjs.org/dtrace-provider not in flight; fetching
106 verbose get https://registry.npmjs.org/dtrace-provider not expired, no request
107 silly cache afterAdd dtrace-provider@0.2.8
108 verbose afterAdd /home/oporto/.npm/dtrace-provider/0.2.8/package/package.json not in flight; writing
109 verbose afterAdd /home/oporto/.npm/dtrace-provider/0.2.8/package/package.json written
110 silly fetchNamedPackageData dtrace-provider
111 silly mapToRegistry name dtrace-provider
112 silly mapToRegistry using default registry
113 silly mapToRegistry registry https://registry.npmjs.org/
114 silly mapToRegistry uri https://registry.npmjs.org/dtrace-provider
115 silly resolveWithNewModule dtrace-provider@0.2.8 checking installable status
116 silly cache add args [ 'dtrace-provider@0.2.8', null ]
117 verbose cache add spec dtrace-provider@0.2.8
118 silly cache add parsed spec Result {
118 silly cache add   raw: 'dtrace-provider@0.2.8',
118 silly cache add   scope: null,
118 silly cache add   name: 'dtrace-provider',
118 silly cache add   rawSpec: '0.2.8',
118 silly cache add   spec: '0.2.8',
118 silly cache add   type: 'version' }
119 silly addNamed dtrace-provider@0.2.8
120 verbose addNamed "0.2.8" is a plain semver version for dtrace-provider
121 silly mapToRegistry name dtrace-provider
122 silly mapToRegistry using default registry
123 silly mapToRegistry registry https://registry.npmjs.org/
124 silly mapToRegistry uri https://registry.npmjs.org/dtrace-provider
125 verbose addNameVersion registry:https://registry.npmjs.org/dtrace-provider not in flight; fetching
126 verbose get https://registry.npmjs.org/dtrace-provider not expired, no request
127 silly cache afterAdd dtrace-provider@0.2.8
128 verbose afterAdd /home/oporto/.npm/dtrace-provider/0.2.8/package/package.json not in flight; writing
129 verbose afterAdd /home/oporto/.npm/dtrace-provider/0.2.8/package/package.json written
130 silly loadAllDepsIntoIdealTree Finishing
131 silly idealTree:prePrune cmi-adminbase@0.1.0
131 silly idealTree:prePrune ├── abbrev@1.0.9
131 silly idealTree:prePrune ├── ansi-regex@2.0.0
131 silly idealTree:prePrune ├── ansi-styles@2.2.1
131 silly idealTree:prePrune ├── ansi@0.3.1
131 silly idealTree:prePrune ├── are-we-there-yet@1.0.6
131 silly idealTree:prePrune ├── array-index@1.0.0
131 silly idealTree:prePrune ├── asn1@0.2.1
131 silly idealTree:prePrune ├── assert-plus@0.1.5
131 silly idealTree:prePrune ├── async@1.5.2
131 silly idealTree:prePrune ├── asynckit@0.4.0
131 silly idealTree:prePrune ├── aws-sign2@0.6.0
131 silly idealTree:prePrune ├── aws4@1.5.0
131 silly idealTree:prePrune ├── backoff@2.4.1
131 silly idealTree:prePrune ├── balanced-match@0.4.2
131 silly idealTree:prePrune ├── bcrypt-pbkdf@1.0.0
131 silly idealTree:prePrune ├── binary@0.3.0
131 silly idealTree:prePrune ├── bindings@1.2.1
131 silly idealTree:prePrune ├─┬ bl@1.1.2
131 silly idealTree:prePrune │ └── readable-stream@2.0.6
131 silly idealTree:prePrune ├── block-stream@0.0.9
131 silly idealTree:prePrune ├── boom@2.10.1
131 silly idealTree:prePrune ├── brace-expansion@1.1.6
131 silly idealTree:prePrune ├── buffer-crc32@0.2.5
131 silly idealTree:prePrune ├── buffer-shims@1.0.0
131 silly idealTree:prePrune ├── buffermaker@1.2.0
131 silly idealTree:prePrune ├── buffers@0.1.1
131 silly idealTree:prePrune ├─┬ bunyan@0.22.1
131 silly idealTree:prePrune │ └── dtrace-provider@0.2.8
131 silly idealTree:prePrune ├── caseless@0.11.0
131 silly idealTree:prePrune ├── chainsaw@0.1.0
131 silly idealTree:prePrune ├── chalk@1.1.3
131 silly idealTree:prePrune ├── clone@1.0.2
131 silly idealTree:prePrune ├── combined-stream@1.0.5
131 silly idealTree:prePrune ├── commander@2.9.0
131 silly idealTree:prePrune ├── concat-map@0.0.1
131 silly idealTree:prePrune ├── core-util-is@1.0.2
131 silly idealTree:prePrune ├── cryptiles@2.0.5
131 silly idealTree:prePrune ├── d@0.1.1
131 silly idealTree:prePrune ├─┬ dashdash@1.14.0
131 silly idealTree:prePrune │ └── assert-plus@1.0.0
131 silly idealTree:prePrune ├── datatables.net@1.10.12
131 silly idealTree:prePrune ├── debug@2.2.0
131 silly idealTree:prePrune ├── delayed-stream@1.0.0
131 silly idealTree:prePrune ├── delegates@1.0.0
131 silly idealTree:prePrune ├── dtrace-provider@0.6.0
131 silly idealTree:prePrune ├── ecc-jsbn@0.1.1
131 silly idealTree:prePrune ├── epfl-exceptions@0.0.3
131 silly idealTree:prePrune ├─┬ epfl-ldap@0.3.2
131 silly idealTree:prePrune │ ├── dtrace-provider@0.2.8
131 silly idealTree:prePrune │ └── ldapjs@0.7.1
131 silly idealTree:prePrune ├── es5-ext@0.10.12
131 silly idealTree:prePrune ├── es6-iterator@2.0.0
131 silly idealTree:prePrune ├── es6-symbol@3.1.0
131 silly idealTree:prePrune ├── escape-string-regexp@1.0.5
131 silly idealTree:prePrune ├── extend@3.0.0
131 silly idealTree:prePrune ├── extsprintf@1.0.0
131 silly idealTree:prePrune ├── fibers@1.0.15
131 silly idealTree:prePrune ├── forever-agent@0.6.1
131 silly idealTree:prePrune ├── form-data@2.0.0
131 silly idealTree:prePrune ├── fs.realpath@1.0.0
131 silly idealTree:prePrune ├── fstream@1.0.10
131 silly idealTree:prePrune ├── gauge@1.2.7
131 silly idealTree:prePrune ├── generate-function@2.0.0
131 silly idealTree:prePrune ├── generate-object-property@1.2.0
131 silly idealTree:prePrune ├─┬ getpass@0.1.6
131 silly idealTree:prePrune │ └── assert-plus@1.0.0
131 silly idealTree:prePrune ├─┬ glob@4.5.3
131 silly idealTree:prePrune │ └── minimatch@2.0.10
131 silly idealTree:prePrune ├── graceful-fs@4.1.9
131 silly idealTree:prePrune ├── graceful-readlink@1.0.1
131 silly idealTree:prePrune ├── har-validator@2.0.6
131 silly idealTree:prePrune ├── has-ansi@2.0.0
131 silly idealTree:prePrune ├── has-unicode@2.0.1
131 silly idealTree:prePrune ├── hawk@3.1.3
131 silly idealTree:prePrune ├── hoek@2.16.3
131 silly idealTree:prePrune ├─┬ http-signature@1.1.1
131 silly idealTree:prePrune │ ├── assert-plus@0.2.0
131 silly idealTree:prePrune │ ├── extsprintf@1.0.2
131 silly idealTree:prePrune │ ├── json-schema@0.2.3
131 silly idealTree:prePrune │ ├── jsprim@1.3.1
131 silly idealTree:prePrune │ └── verror@1.3.6
131 silly idealTree:prePrune ├── inflight@1.0.5
131 silly idealTree:prePrune ├── inherits@2.0.3
131 silly idealTree:prePrune ├── is-my-json-valid@2.15.0
131 silly idealTree:prePrune ├── is-property@1.0.2
131 silly idealTree:prePrune ├── is-typedarray@1.0.0
131 silly idealTree:prePrune ├── isarray@1.0.0
131 silly idealTree:prePrune ├── isexe@1.1.2
131 silly idealTree:prePrune ├── isstream@0.1.2
131 silly idealTree:prePrune ├── jodid25519@1.0.2
131 silly idealTree:prePrune ├── jquery@3.1.1
131 silly idealTree:prePrune ├── jsbn@0.1.0
131 silly idealTree:prePrune ├── json-schema@0.2.2
131 silly idealTree:prePrune ├── json-stringify-safe@5.0.1
131 silly idealTree:prePrune ├── jsonpointer@4.0.0
131 silly idealTree:prePrune ├─┬ jsprim@0.3.0
131 silly idealTree:prePrune │ └── verror@1.3.3
131 silly idealTree:prePrune ├─┬ kafka-node@0.3.3
131 silly idealTree:prePrune │ └── lodash@3.10.1
131 silly idealTree:prePrune ├── ldap-filter@0.2.2
131 silly idealTree:prePrune ├─┬ ldapjs@1.0.0
131 silly idealTree:prePrune │ ├── asn1@0.2.3
131 silly idealTree:prePrune │ ├── bunyan@1.5.1
131 silly idealTree:prePrune │ ├── dashdash@1.10.1
131 silly idealTree:prePrune │ ├── extsprintf@1.2.0
131 silly idealTree:prePrune │ ├── glob@6.0.4
131 silly idealTree:prePrune │ ├── minimatch@3.0.3
131 silly idealTree:prePrune │ ├── mv@2.1.1
131 silly idealTree:prePrune │ ├── once@1.3.2
131 silly idealTree:prePrune │ ├── rimraf@2.4.5
131 silly idealTree:prePrune │ ├── vasync@1.6.3
131 silly idealTree:prePrune │ └── verror@1.6.0
131 silly idealTree:prePrune ├── lodash.pad@4.5.1
131 silly idealTree:prePrune ├── lodash.padend@4.6.1
131 silly idealTree:prePrune ├── lodash.padstart@4.6.1
131 silly idealTree:prePrune ├── lodash@4.16.4
131 silly idealTree:prePrune ├── long@1.1.2
131 silly idealTree:prePrune ├── lru-cache@2.7.3
131 silly idealTree:prePrune ├─┬ meteor-node-stubs@0.2.3
131 silly idealTree:prePrune │ ├── assert@1.3.0
131 silly idealTree:prePrune │ ├─┬ browserify-zlib@0.1.4
131 silly idealTree:prePrune │ │ └── pako@0.2.8
131 silly idealTree:prePrune │ ├─┬ buffer@4.5.1
131 silly idealTree:prePrune │ │ ├── base64-js@1.1.2
131 silly idealTree:prePrune │ │ ├── ieee754@1.1.6
131 silly idealTree:prePrune │ │ └── isarray@1.0.0
131 silly idealTree:prePrune │ ├─┬ console-browserify@1.1.0
131 silly idealTree:prePrune │ │ └── date-now@0.1.4
131 silly idealTree:prePrune │ ├── constants-browserify@1.0.0
131 silly idealTree:prePrune │ ├─┬ crypto-browserify@3.11.0
131 silly idealTree:prePrune │ │ ├─┬ browserify-cipher@1.0.0
131 silly idealTree:prePrune │ │ │ ├─┬ browserify-aes@1.0.6
131 silly idealTree:prePrune │ │ │ │ ├── buffer-xor@1.0.3
131 silly idealTree:prePrune │ │ │ │ └── cipher-base@1.0.2
131 silly idealTree:prePrune │ │ │ ├─┬ browserify-des@1.0.0
131 silly idealTree:prePrune │ │ │ │ ├── cipher-base@1.0.2
131 silly idealTree:prePrune │ │ │ │ └─┬ des.js@1.0.0
131 silly idealTree:prePrune │ │ │ │   └── minimalistic-assert@1.0.0
131 silly idealTree:prePrune │ │ │ └── evp_bytestokey@1.0.0
131 silly idealTree:prePrune │ │ ├─┬ browserify-sign@4.0.0
131 silly idealTree:prePrune │ │ │ ├── bn.js@4.11.1
131 silly idealTree:prePrune │ │ │ ├── browserify-rsa@4.0.1
131 silly idealTree:prePrune │ │ │ ├─┬ elliptic@6.2.3
131 silly idealTree:prePrune │ │ │ │ ├── brorand@1.0.5
131 silly idealTree:prePrune │ │ │ │ └── hash.js@1.0.3
131 silly idealTree:prePrune │ │ │ └─┬ parse-asn1@5.0.0
131 silly idealTree:prePrune │ │ │   ├─┬ asn1.js@4.5.2
131 silly idealTree:prePrune │ │ │   │ └── minimalistic-assert@1.0.0
131 silly idealTree:prePrune │ │ │   ├─┬ browserify-aes@1.0.6
131 silly idealTree:prePrune │ │ │   │ ├── buffer-xor@1.0.3
131 silly idealTree:prePrune │ │ │   │ └── cipher-base@1.0.2
131 silly idealTree:prePrune │ │ │   └── evp_bytestokey@1.0.0
131 silly idealTree:prePrune │ │ ├─┬ create-ecdh@4.0.0
131 silly idealTree:prePrune │ │ │ ├── bn.js@4.11.1
131 silly idealTree:prePrune │ │ │ └─┬ elliptic@6.2.3
131 silly idealTree:prePrune │ │ │   ├── brorand@1.0.5
131 silly idealTree:prePrune │ │ │   └── hash.js@1.0.3
131 silly idealTree:prePrune │ │ ├─┬ create-hash@1.1.2
131 silly idealTree:prePrune │ │ │ ├── cipher-base@1.0.2
131 silly idealTree:prePrune │ │ │ ├── ripemd160@1.0.1
131 silly idealTree:prePrune │ │ │ └── sha.js@2.4.5
131 silly idealTree:prePrune │ │ ├── create-hmac@1.1.4
131 silly idealTree:prePrune │ │ ├─┬ diffie-hellman@5.0.2
131 silly idealTree:prePrune │ │ │ ├── bn.js@4.11.1
131 silly idealTree:prePrune │ │ │ └─┬ miller-rabin@4.0.0
131 silly idealTree:prePrune │ │ │   └── brorand@1.0.5
131 silly idealTree:prePrune │ │ ├── inherits@2.0.1
131 silly idealTree:prePrune │ │ ├── pbkdf2@3.0.4
131 silly idealTree:prePrune │ │ ├─┬ public-encrypt@4.0.0
131 silly idealTree:prePrune │ │ │ ├── bn.js@4.11.1
131 silly idealTree:prePrune │ │ │ ├── browserify-rsa@4.0.1
131 silly idealTree:prePrune │ │ │ └─┬ parse-asn1@5.0.0
131 silly idealTree:prePrune │ │ │   ├─┬ asn1.js@4.5.2
131 silly idealTree:prePrune │ │ │   │ └── minimalistic-assert@1.0.0
131 silly idealTree:prePrune │ │ │   ├─┬ browserify-aes@1.0.6
131 silly idealTree:prePrune │ │ │   │ ├── buffer-xor@1.0.3
131 silly idealTree:prePrune │ │ │   │ └── cipher-base@1.0.2
131 silly idealTree:prePrune │ │ │   └── evp_bytestokey@1.0.0
131 silly idealTree:prePrune │ │ └── randombytes@2.0.3
131 silly idealTree:prePrune │ ├── domain-browser@1.1.7
131 silly idealTree:prePrune │ ├── events@1.1.0
131 silly idealTree:prePrune │ ├─┬ http-browserify@1.7.0
131 silly idealTree:prePrune │ │ ├── Base64@0.2.1
131 silly idealTree:prePrune │ │ └── inherits@2.0.1
131 silly idealTree:prePrune │ ├── https-browserify@0.0.1
131 silly idealTree:prePrune │ ├── os-browserify@0.2.1
131 silly idealTree:prePrune │ ├── path-browserify@0.0.0
131 silly idealTree:prePrune │ ├── process@0.11.2
131 silly idealTree:prePrune │ ├── punycode@1.4.1
131 silly idealTree:prePrune │ ├── querystring-es3@0.2.1
131 silly idealTree:prePrune │ ├─┬ readable-stream@2.0.6
131 silly idealTree:prePrune │ │ ├── core-util-is@1.0.2
131 silly idealTree:prePrune │ │ ├── inherits@2.0.1
131 silly idealTree:prePrune │ │ ├── isarray@1.0.0
131 silly idealTree:prePrune │ │ ├── process-nextick-args@1.0.6
131 silly idealTree:prePrune │ │ └── util-deprecate@1.0.2
131 silly idealTree:prePrune │ ├─┬ stream-browserify@2.0.1
131 silly idealTree:prePrune │ │ └── inherits@2.0.1
131 silly idealTree:prePrune │ ├── string_decoder@0.10.31
131 silly idealTree:prePrune │ ├── timers-browserify@1.4.2
131 silly idealTree:prePrune │ ├── tty-browserify@0.0.0
131 silly idealTree:prePrune │ ├─┬ url@0.11.0
131 silly idealTree:prePrune │ │ ├── punycode@1.3.2
131 silly idealTree:prePrune │ │ └── querystring@0.2.0
131 silly idealTree:prePrune │ ├─┬ util@0.10.3
131 silly idealTree:prePrune │ │ └── inherits@2.0.1
131 silly idealTree:prePrune │ └─┬ vm-browserify@0.0.4
131 silly idealTree:prePrune │   └── indexof@0.0.1
131 silly idealTree:prePrune ├── mime-db@1.24.0
131 silly idealTree:prePrune ├── mime-types@2.1.12
131 silly idealTree:prePrune ├── minimatch@1.0.0
131 silly idealTree:prePrune ├── minimist@0.0.8
131 silly idealTree:prePrune ├── mkdirp@0.5.1
131 silly idealTree:prePrune ├── ms@0.7.1
131 silly idealTree:prePrune ├── mv@0.0.5
131 silly idealTree:prePrune ├── nan@2.4.0
131 silly idealTree:prePrune ├── ncp@2.0.0
131 silly idealTree:prePrune ├── node-cache@3.2.1
131 silly idealTree:prePrune ├── node-gyp@3.2.1
131 silly idealTree:prePrune ├── node-uuid@1.4.7
131 silly idealTree:prePrune ├─┬ node-zookeeper-client@0.2.2
131 silly idealTree:prePrune │ └── async@0.2.10
131 silly idealTree:prePrune ├── nopt@2.1.1
131 silly idealTree:prePrune ├── npmlog@1.2.1
131 silly idealTree:prePrune ├── o-mapper@0.1.3
131 silly idealTree:prePrune ├── oauth-sign@0.8.2
131 silly idealTree:prePrune ├── once@1.3.0
131 silly idealTree:prePrune ├── optional@0.1.3
131 silly idealTree:prePrune ├── os-homedir@1.0.2
131 silly idealTree:prePrune ├── os-tmpdir@1.0.2
131 silly idealTree:prePrune ├── osenv@0.1.3
131 silly idealTree:prePrune ├── path-array@1.0.1
131 silly idealTree:prePrune ├── path-is-absolute@1.0.1
131 silly idealTree:prePrune ├── pinkie-promise@2.0.1
131 silly idealTree:prePrune ├── pinkie@2.0.4
131 silly idealTree:prePrune ├─┬ pooling@0.4.6
131 silly idealTree:prePrune │ └── dtrace-provider@0.2.8
131 silly idealTree:prePrune ├── precond@0.2.3
131 silly idealTree:prePrune ├── process-nextick-args@1.0.7
131 silly idealTree:prePrune ├── qs@6.2.1
131 silly idealTree:prePrune ├── raleway-webfont@3.0.1
131 silly idealTree:prePrune ├── readable-stream@2.1.5
131 silly idealTree:prePrune ├── request@2.75.0
131 silly idealTree:prePrune ├── retry@0.6.1
131 silly idealTree:prePrune ├─┬ rimraf@2.5.4
131 silly idealTree:prePrune │ ├── glob@7.1.1
131 silly idealTree:prePrune │ └── minimatch@3.0.3
131 silly idealTree:prePrune ├── safe-json-stringify@1.0.3
131 silly idealTree:prePrune ├── semver@5.3.0
131 silly idealTree:prePrune ├── sigmund@1.0.1
131 silly idealTree:prePrune ├─┬ snappy@4.1.2
131 silly idealTree:prePrune │ └── nan@2.2.0
131 silly idealTree:prePrune ├── sntp@1.0.9
131 silly idealTree:prePrune ├─┬ sshpk@1.10.1
131 silly idealTree:prePrune │ ├── asn1@0.2.3
131 silly idealTree:prePrune │ └── assert-plus@1.0.0
131 silly idealTree:prePrune ├── string_decoder@0.10.31
131 silly idealTree:prePrune ├── stringstream@0.0.5
131 silly idealTree:prePrune ├── strip-ansi@3.0.1
131 silly idealTree:prePrune ├── supports-color@2.0.0
131 silly idealTree:prePrune ├── tar@2.2.1
131 silly idealTree:prePrune ├── tough-cookie@2.3.1
131 silly idealTree:prePrune ├── traverse@0.3.9
131 silly idealTree:prePrune ├── tunnel-agent@0.4.3
131 silly idealTree:prePrune ├── tweetnacl@0.14.3
131 silly idealTree:prePrune ├── underscore@1.4.4
131 silly idealTree:prePrune ├── util-deprecate@1.0.2
131 silly idealTree:prePrune ├── vasync@1.4.0
131 silly idealTree:prePrune ├── verror@1.1.0
131 silly idealTree:prePrune ├── which@1.2.11
131 silly idealTree:prePrune ├── wrappy@1.0.2
131 silly idealTree:prePrune └── xtend@4.0.1
132 silly loadIdealTree Finishing
133 silly currentTree cmi-adminbase@0.1.0
133 silly currentTree ├── abbrev@1.0.9
133 silly currentTree ├── ansi-regex@2.0.0
133 silly currentTree ├── ansi-styles@2.2.1
133 silly currentTree ├── ansi@0.3.1
133 silly currentTree ├── are-we-there-yet@1.0.6
133 silly currentTree ├── array-index@1.0.0
133 silly currentTree ├── asn1@0.2.1
133 silly currentTree ├── assert-plus@0.1.5
133 silly currentTree ├── async@1.5.2
133 silly currentTree ├── asynckit@0.4.0
133 silly currentTree ├── aws-sign2@0.6.0
133 silly currentTree ├── aws4@1.5.0
133 silly currentTree ├── backoff@2.4.1
133 silly currentTree ├── balanced-match@0.4.2
133 silly currentTree ├── bcrypt-pbkdf@1.0.0
133 silly currentTree ├── binary@0.3.0
133 silly currentTree ├── bindings@1.2.1
133 silly currentTree ├─┬ bl@1.1.2
133 silly currentTree │ └── readable-stream@2.0.6
133 silly currentTree ├── block-stream@0.0.9
133 silly currentTree ├── boom@2.10.1
133 silly currentTree ├── brace-expansion@1.1.6
133 silly currentTree ├── buffer-crc32@0.2.5
133 silly currentTree ├── buffer-shims@1.0.0
133 silly currentTree ├── buffermaker@1.2.0
133 silly currentTree ├── buffers@0.1.1
133 silly currentTree ├── bunyan@0.22.1
133 silly currentTree ├── caseless@0.11.0
133 silly currentTree ├── chainsaw@0.1.0
133 silly currentTree ├── chalk@1.1.3
133 silly currentTree ├── clone@1.0.2
133 silly currentTree ├── combined-stream@1.0.5
133 silly currentTree ├── commander@2.9.0
133 silly currentTree ├── concat-map@0.0.1
133 silly currentTree ├── core-util-is@1.0.2
133 silly currentTree ├── cryptiles@2.0.5
133 silly currentTree ├── d@0.1.1
133 silly currentTree ├─┬ dashdash@1.14.0
133 silly currentTree │ └── assert-plus@1.0.0
133 silly currentTree ├── datatables.net@1.10.12
133 silly currentTree ├── debug@2.2.0
133 silly currentTree ├── delayed-stream@1.0.0
133 silly currentTree ├── delegates@1.0.0
133 silly currentTree ├── ecc-jsbn@0.1.1
133 silly currentTree ├── epfl-exceptions@0.0.3
133 silly currentTree ├─┬ epfl-ldap@0.3.2
133 silly currentTree │ └── ldapjs@0.7.1
133 silly currentTree ├── es5-ext@0.10.12
133 silly currentTree ├── es6-iterator@2.0.0
133 silly currentTree ├── es6-symbol@3.1.0
133 silly currentTree ├── escape-string-regexp@1.0.5
133 silly currentTree ├── extend@3.0.0
133 silly currentTree ├── extsprintf@1.0.0
133 silly currentTree ├── fibers@1.0.15
133 silly currentTree ├── forever-agent@0.6.1
133 silly currentTree ├── form-data@2.0.0
133 silly currentTree ├── fs.realpath@1.0.0
133 silly currentTree ├── fstream@1.0.10
133 silly currentTree ├── gauge@1.2.7
133 silly currentTree ├── generate-function@2.0.0
133 silly currentTree ├── generate-object-property@1.2.0
133 silly currentTree ├─┬ getpass@0.1.6
133 silly currentTree │ └── assert-plus@1.0.0
133 silly currentTree ├─┬ glob@4.5.3
133 silly currentTree │ └── minimatch@2.0.10
133 silly currentTree ├── graceful-fs@4.1.9
133 silly currentTree ├── graceful-readlink@1.0.1
133 silly currentTree ├── har-validator@2.0.6
133 silly currentTree ├── has-ansi@2.0.0
133 silly currentTree ├── has-unicode@2.0.1
133 silly currentTree ├── hawk@3.1.3
133 silly currentTree ├── hoek@2.16.3
133 silly currentTree ├─┬ http-signature@1.1.1
133 silly currentTree │ ├── assert-plus@0.2.0
133 silly currentTree │ ├── extsprintf@1.0.2
133 silly currentTree │ ├── json-schema@0.2.3
133 silly currentTree │ ├── jsprim@1.3.1
133 silly currentTree │ └── verror@1.3.6
133 silly currentTree ├── inflight@1.0.5
133 silly currentTree ├── inherits@2.0.3
133 silly currentTree ├── is-my-json-valid@2.15.0
133 silly currentTree ├── is-property@1.0.2
133 silly currentTree ├── is-typedarray@1.0.0
133 silly currentTree ├── isarray@1.0.0
133 silly currentTree ├── isexe@1.1.2
133 silly currentTree ├── isstream@0.1.2
133 silly currentTree ├── jodid25519@1.0.2
133 silly currentTree ├── jquery@3.1.1
133 silly currentTree ├── jsbn@0.1.0
133 silly currentTree ├── json-schema@0.2.2
133 silly currentTree ├── json-stringify-safe@5.0.1
133 silly currentTree ├── jsonpointer@4.0.0
133 silly currentTree ├─┬ jsprim@0.3.0
133 silly currentTree │ └── verror@1.3.3
133 silly currentTree ├─┬ kafka-node@0.3.3
133 silly currentTree │ └── lodash@3.10.1
133 silly currentTree ├── ldap-filter@0.2.2
133 silly currentTree ├─┬ ldapjs@1.0.0
133 silly currentTree │ ├── asn1@0.2.3
133 silly currentTree │ ├── bunyan@1.5.1
133 silly currentTree │ ├── dashdash@1.10.1
133 silly currentTree │ ├── extsprintf@1.2.0
133 silly currentTree │ ├── glob@6.0.4
133 silly currentTree │ ├── minimatch@3.0.3
133 silly currentTree │ ├── mv@2.1.1
133 silly currentTree │ ├── once@1.3.2
133 silly currentTree │ ├── rimraf@2.4.5
133 silly currentTree │ ├── vasync@1.6.3
133 silly currentTree │ └── verror@1.6.0
133 silly currentTree ├── lodash.pad@4.5.1
133 silly currentTree ├── lodash.padend@4.6.1
133 silly currentTree ├── lodash.padstart@4.6.1
133 silly currentTree ├── lodash@4.16.4
133 silly currentTree ├── long@1.1.2
133 silly currentTree ├── lru-cache@2.7.3
133 silly currentTree ├─┬ meteor-node-stubs@0.2.3
133 silly currentTree │ ├── assert@1.3.0
133 silly currentTree │ ├─┬ browserify-zlib@0.1.4
133 silly currentTree │ │ └── pako@0.2.8
133 silly currentTree │ ├─┬ buffer@4.5.1
133 silly currentTree │ │ ├── base64-js@1.1.2
133 silly currentTree │ │ ├── ieee754@1.1.6
133 silly currentTree │ │ └── isarray@1.0.0
133 silly currentTree │ ├─┬ console-browserify@1.1.0
133 silly currentTree │ │ └── date-now@0.1.4
133 silly currentTree │ ├── constants-browserify@1.0.0
133 silly currentTree │ ├─┬ crypto-browserify@3.11.0
133 silly currentTree │ │ ├─┬ browserify-cipher@1.0.0
133 silly currentTree │ │ │ ├─┬ browserify-aes@1.0.6
133 silly currentTree │ │ │ │ ├── buffer-xor@1.0.3
133 silly currentTree │ │ │ │ └── cipher-base@1.0.2
133 silly currentTree │ │ │ ├─┬ browserify-des@1.0.0
133 silly currentTree │ │ │ │ ├── cipher-base@1.0.2
133 silly currentTree │ │ │ │ └─┬ des.js@1.0.0
133 silly currentTree │ │ │ │   └── minimalistic-assert@1.0.0
133 silly currentTree │ │ │ └── evp_bytestokey@1.0.0
133 silly currentTree │ │ ├─┬ browserify-sign@4.0.0
133 silly currentTree │ │ │ ├── bn.js@4.11.1
133 silly currentTree │ │ │ ├── browserify-rsa@4.0.1
133 silly currentTree │ │ │ ├─┬ elliptic@6.2.3
133 silly currentTree │ │ │ │ ├── brorand@1.0.5
133 silly currentTree │ │ │ │ └── hash.js@1.0.3
133 silly currentTree │ │ │ └─┬ parse-asn1@5.0.0
133 silly currentTree │ │ │   ├─┬ asn1.js@4.5.2
133 silly currentTree │ │ │   │ └── minimalistic-assert@1.0.0
133 silly currentTree │ │ │   ├─┬ browserify-aes@1.0.6
133 silly currentTree │ │ │   │ ├── buffer-xor@1.0.3
133 silly currentTree │ │ │   │ └── cipher-base@1.0.2
133 silly currentTree │ │ │   └── evp_bytestokey@1.0.0
133 silly currentTree │ │ ├─┬ create-ecdh@4.0.0
133 silly currentTree │ │ │ ├── bn.js@4.11.1
133 silly currentTree │ │ │ └─┬ elliptic@6.2.3
133 silly currentTree │ │ │   ├── brorand@1.0.5
133 silly currentTree │ │ │   └── hash.js@1.0.3
133 silly currentTree │ │ ├─┬ create-hash@1.1.2
133 silly currentTree │ │ │ ├── cipher-base@1.0.2
133 silly currentTree │ │ │ ├── ripemd160@1.0.1
133 silly currentTree │ │ │ └── sha.js@2.4.5
133 silly currentTree │ │ ├── create-hmac@1.1.4
133 silly currentTree │ │ ├─┬ diffie-hellman@5.0.2
133 silly currentTree │ │ │ ├── bn.js@4.11.1
133 silly currentTree │ │ │ └─┬ miller-rabin@4.0.0
133 silly currentTree │ │ │   └── brorand@1.0.5
133 silly currentTree │ │ ├── inherits@2.0.1
133 silly currentTree │ │ ├── pbkdf2@3.0.4
133 silly currentTree │ │ ├─┬ public-encrypt@4.0.0
133 silly currentTree │ │ │ ├── bn.js@4.11.1
133 silly currentTree │ │ │ ├── browserify-rsa@4.0.1
133 silly currentTree │ │ │ └─┬ parse-asn1@5.0.0
133 silly currentTree │ │ │   ├─┬ asn1.js@4.5.2
133 silly currentTree │ │ │   │ └── minimalistic-assert@1.0.0
133 silly currentTree │ │ │   ├─┬ browserify-aes@1.0.6
133 silly currentTree │ │ │   │ ├── buffer-xor@1.0.3
133 silly currentTree │ │ │   │ └── cipher-base@1.0.2
133 silly currentTree │ │ │   └── evp_bytestokey@1.0.0
133 silly currentTree │ │ └── randombytes@2.0.3
133 silly currentTree │ ├── domain-browser@1.1.7
133 silly currentTree │ ├── events@1.1.0
133 silly currentTree │ ├─┬ http-browserify@1.7.0
133 silly currentTree │ │ ├── Base64@0.2.1
133 silly currentTree │ │ └── inherits@2.0.1
133 silly currentTree │ ├── https-browserify@0.0.1
133 silly currentTree │ ├── os-browserify@0.2.1
133 silly currentTree │ ├── path-browserify@0.0.0
133 silly currentTree │ ├── process@0.11.2
133 silly currentTree │ ├── punycode@1.4.1
133 silly currentTree │ ├── querystring-es3@0.2.1
133 silly currentTree │ ├─┬ readable-stream@2.0.6
133 silly currentTree │ │ ├── core-util-is@1.0.2
133 silly currentTree │ │ ├── inherits@2.0.1
133 silly currentTree │ │ ├── isarray@1.0.0
133 silly currentTree │ │ ├── process-nextick-args@1.0.6
133 silly currentTree │ │ └── util-deprecate@1.0.2
133 silly currentTree │ ├─┬ stream-browserify@2.0.1
133 silly currentTree │ │ └── inherits@2.0.1
133 silly currentTree │ ├── string_decoder@0.10.31
133 silly currentTree │ ├── timers-browserify@1.4.2
133 silly currentTree │ ├── tty-browserify@0.0.0
133 silly currentTree │ ├─┬ url@0.11.0
133 silly currentTree │ │ ├── punycode@1.3.2
133 silly currentTree │ │ └── querystring@0.2.0
133 silly currentTree │ ├─┬ util@0.10.3
133 silly currentTree │ │ └── inherits@2.0.1
133 silly currentTree │ └─┬ vm-browserify@0.0.4
133 silly currentTree │   └── indexof@0.0.1
133 silly currentTree ├── mime-db@1.24.0
133 silly currentTree ├── mime-types@2.1.12
133 silly currentTree ├── minimatch@1.0.0
133 silly currentTree ├── minimist@0.0.8
133 silly currentTree ├── mkdirp@0.5.1
133 silly currentTree ├── ms@0.7.1
133 silly currentTree ├── mv@0.0.5
133 silly currentTree ├── ncp@2.0.0
133 silly currentTree ├── node-cache@3.2.1
133 silly currentTree ├── node-gyp@3.2.1
133 silly currentTree ├── node-uuid@1.4.7
133 silly currentTree ├─┬ node-zookeeper-client@0.2.2
133 silly currentTree │ └── async@0.2.10
133 silly currentTree ├── nopt@2.1.1
133 silly currentTree ├── npmlog@1.2.1
133 silly currentTree ├── o-mapper@0.1.3
133 silly currentTree ├── oauth-sign@0.8.2
133 silly currentTree ├── once@1.3.0
133 silly currentTree ├── optional@0.1.3
133 silly currentTree ├── os-homedir@1.0.2
133 silly currentTree ├── os-tmpdir@1.0.2
133 silly currentTree ├── osenv@0.1.3
133 silly currentTree ├── path-array@1.0.1
133 silly currentTree ├── path-is-absolute@1.0.1
133 silly currentTree ├── pinkie-promise@2.0.1
133 silly currentTree ├── pinkie@2.0.4
133 silly currentTree ├─┬ pooling@0.4.6
133 silly currentTree │ └── dtrace-provider@0.2.8
133 silly currentTree ├── precond@0.2.3
133 silly currentTree ├── process-nextick-args@1.0.7
133 silly currentTree ├── qs@6.2.1
133 silly currentTree ├── raleway-webfont@3.0.1
133 silly currentTree ├── readable-stream@2.1.5
133 silly currentTree ├── request@2.75.0
133 silly currentTree ├── retry@0.6.1
133 silly currentTree ├─┬ rimraf@2.5.4
133 silly currentTree │ ├── glob@7.1.1
133 silly currentTree │ └── minimatch@3.0.3
133 silly currentTree ├── safe-json-stringify@1.0.3
133 silly currentTree ├── semver@5.3.0
133 silly currentTree ├── sigmund@1.0.1
133 silly currentTree ├─┬ snappy@4.1.2
133 silly currentTree │ └── nan@2.2.0
133 silly currentTree ├── sntp@1.0.9
133 silly currentTree ├─┬ sshpk@1.10.1
133 silly currentTree │ ├── asn1@0.2.3
133 silly currentTree │ └── assert-plus@1.0.0
133 silly currentTree ├── string_decoder@0.10.31
133 silly currentTree ├── stringstream@0.0.5
133 silly currentTree ├── strip-ansi@3.0.1
133 silly currentTree ├── supports-color@2.0.0
133 silly currentTree ├── tar@2.2.1
133 silly currentTree ├── tough-cookie@2.3.1
133 silly currentTree ├── traverse@0.3.9
133 silly currentTree ├── tunnel-agent@0.4.3
133 silly currentTree ├── tweetnacl@0.14.3
133 silly currentTree ├── underscore@1.4.4
133 silly currentTree ├── util-deprecate@1.0.2
133 silly currentTree ├── vasync@1.4.0
133 silly currentTree ├── verror@1.1.0
133 silly currentTree ├── which@1.2.11
133 silly currentTree ├── wrappy@1.0.2
133 silly currentTree └── xtend@4.0.1
134 silly idealTree cmi-adminbase@0.1.0
134 silly idealTree ├── abbrev@1.0.9
134 silly idealTree ├── ansi-regex@2.0.0
134 silly idealTree ├── ansi-styles@2.2.1
134 silly idealTree ├── ansi@0.3.1
134 silly idealTree ├── are-we-there-yet@1.0.6
134 silly idealTree ├── array-index@1.0.0
134 silly idealTree ├── asn1@0.2.1
134 silly idealTree ├── assert-plus@0.1.5
134 silly idealTree ├── async@1.5.2
134 silly idealTree ├── asynckit@0.4.0
134 silly idealTree ├── aws-sign2@0.6.0
134 silly idealTree ├── aws4@1.5.0
134 silly idealTree ├── backoff@2.4.1
134 silly idealTree ├── balanced-match@0.4.2
134 silly idealTree ├── bcrypt-pbkdf@1.0.0
134 silly idealTree ├── binary@0.3.0
134 silly idealTree ├── bindings@1.2.1
134 silly idealTree ├─┬ bl@1.1.2
134 silly idealTree │ └── readable-stream@2.0.6
134 silly idealTree ├── block-stream@0.0.9
134 silly idealTree ├── boom@2.10.1
134 silly idealTree ├── brace-expansion@1.1.6
134 silly idealTree ├── buffer-crc32@0.2.5
134 silly idealTree ├── buffer-shims@1.0.0
134 silly idealTree ├── buffermaker@1.2.0
134 silly idealTree ├── buffers@0.1.1
134 silly idealTree ├─┬ bunyan@0.22.1
134 silly idealTree │ └── dtrace-provider@0.2.8
134 silly idealTree ├── caseless@0.11.0
134 silly idealTree ├── chainsaw@0.1.0
134 silly idealTree ├── chalk@1.1.3
134 silly idealTree ├── clone@1.0.2
134 silly idealTree ├── combined-stream@1.0.5
134 silly idealTree ├── commander@2.9.0
134 silly idealTree ├── concat-map@0.0.1
134 silly idealTree ├── core-util-is@1.0.2
134 silly idealTree ├── cryptiles@2.0.5
134 silly idealTree ├── d@0.1.1
134 silly idealTree ├─┬ dashdash@1.14.0
134 silly idealTree │ └── assert-plus@1.0.0
134 silly idealTree ├── datatables.net@1.10.12
134 silly idealTree ├── debug@2.2.0
134 silly idealTree ├── delayed-stream@1.0.0
134 silly idealTree ├── delegates@1.0.0
134 silly idealTree ├── dtrace-provider@0.6.0
134 silly idealTree ├── ecc-jsbn@0.1.1
134 silly idealTree ├── epfl-exceptions@0.0.3
134 silly idealTree ├─┬ epfl-ldap@0.3.2
134 silly idealTree │ ├── dtrace-provider@0.2.8
134 silly idealTree │ └── ldapjs@0.7.1
134 silly idealTree ├── es5-ext@0.10.12
134 silly idealTree ├── es6-iterator@2.0.0
134 silly idealTree ├── es6-symbol@3.1.0
134 silly idealTree ├── escape-string-regexp@1.0.5
134 silly idealTree ├── extend@3.0.0
134 silly idealTree ├── extsprintf@1.0.0
134 silly idealTree ├── fibers@1.0.15
134 silly idealTree ├── forever-agent@0.6.1
134 silly idealTree ├── form-data@2.0.0
134 silly idealTree ├── fs.realpath@1.0.0
134 silly idealTree ├── fstream@1.0.10
134 silly idealTree ├── gauge@1.2.7
134 silly idealTree ├── generate-function@2.0.0
134 silly idealTree ├── generate-object-property@1.2.0
134 silly idealTree ├─┬ getpass@0.1.6
134 silly idealTree │ └── assert-plus@1.0.0
134 silly idealTree ├─┬ glob@4.5.3
134 silly idealTree │ └── minimatch@2.0.10
134 silly idealTree ├── graceful-fs@4.1.9
134 silly idealTree ├── graceful-readlink@1.0.1
134 silly idealTree ├── har-validator@2.0.6
134 silly idealTree ├── has-ansi@2.0.0
134 silly idealTree ├── has-unicode@2.0.1
134 silly idealTree ├── hawk@3.1.3
134 silly idealTree ├── hoek@2.16.3
134 silly idealTree ├─┬ http-signature@1.1.1
134 silly idealTree │ ├── assert-plus@0.2.0
134 silly idealTree │ ├── extsprintf@1.0.2
134 silly idealTree │ ├── json-schema@0.2.3
134 silly idealTree │ ├── jsprim@1.3.1
134 silly idealTree │ └── verror@1.3.6
134 silly idealTree ├── inflight@1.0.5
134 silly idealTree ├── inherits@2.0.3
134 silly idealTree ├── is-my-json-valid@2.15.0
134 silly idealTree ├── is-property@1.0.2
134 silly idealTree ├── is-typedarray@1.0.0
134 silly idealTree ├── isarray@1.0.0
134 silly idealTree ├── isexe@1.1.2
134 silly idealTree ├── isstream@0.1.2
134 silly idealTree ├── jodid25519@1.0.2
134 silly idealTree ├── jquery@3.1.1
134 silly idealTree ├── jsbn@0.1.0
134 silly idealTree ├── json-schema@0.2.2
134 silly idealTree ├── json-stringify-safe@5.0.1
134 silly idealTree ├── jsonpointer@4.0.0
134 silly idealTree ├─┬ jsprim@0.3.0
134 silly idealTree │ └── verror@1.3.3
134 silly idealTree ├─┬ kafka-node@0.3.3
134 silly idealTree │ └── lodash@3.10.1
134 silly idealTree ├── ldap-filter@0.2.2
134 silly idealTree ├─┬ ldapjs@1.0.0
134 silly idealTree │ ├── asn1@0.2.3
134 silly idealTree │ ├── bunyan@1.5.1
134 silly idealTree │ ├── dashdash@1.10.1
134 silly idealTree │ ├── extsprintf@1.2.0
134 silly idealTree │ ├── glob@6.0.4
134 silly idealTree │ ├── minimatch@3.0.3
134 silly idealTree │ ├── mv@2.1.1
134 silly idealTree │ ├── once@1.3.2
134 silly idealTree │ ├── rimraf@2.4.5
134 silly idealTree │ ├── vasync@1.6.3
134 silly idealTree │ └── verror@1.6.0
134 silly idealTree ├── lodash.pad@4.5.1
134 silly idealTree ├── lodash.padend@4.6.1
134 silly idealTree ├── lodash.padstart@4.6.1
134 silly idealTree ├── lodash@4.16.4
134 silly idealTree ├── long@1.1.2
134 silly idealTree ├── lru-cache@2.7.3
134 silly idealTree ├─┬ meteor-node-stubs@0.2.3
134 silly idealTree │ ├── assert@1.3.0
134 silly idealTree │ ├─┬ browserify-zlib@0.1.4
134 silly idealTree │ │ └── pako@0.2.8
134 silly idealTree │ ├─┬ buffer@4.5.1
134 silly idealTree │ │ ├── base64-js@1.1.2
134 silly idealTree │ │ ├── ieee754@1.1.6
134 silly idealTree │ │ └── isarray@1.0.0
134 silly idealTree │ ├─┬ console-browserify@1.1.0
134 silly idealTree │ │ └── date-now@0.1.4
134 silly idealTree │ ├── constants-browserify@1.0.0
134 silly idealTree │ ├─┬ crypto-browserify@3.11.0
134 silly idealTree │ │ ├─┬ browserify-cipher@1.0.0
134 silly idealTree │ │ │ ├─┬ browserify-aes@1.0.6
134 silly idealTree │ │ │ │ ├── buffer-xor@1.0.3
134 silly idealTree │ │ │ │ └── cipher-base@1.0.2
134 silly idealTree │ │ │ ├─┬ browserify-des@1.0.0
134 silly idealTree │ │ │ │ ├── cipher-base@1.0.2
134 silly idealTree │ │ │ │ └─┬ des.js@1.0.0
134 silly idealTree │ │ │ │   └── minimalistic-assert@1.0.0
134 silly idealTree │ │ │ └── evp_bytestokey@1.0.0
134 silly idealTree │ │ ├─┬ browserify-sign@4.0.0
134 silly idealTree │ │ │ ├── bn.js@4.11.1
134 silly idealTree │ │ │ ├── browserify-rsa@4.0.1
134 silly idealTree │ │ │ ├─┬ elliptic@6.2.3
134 silly idealTree │ │ │ │ ├── brorand@1.0.5
134 silly idealTree │ │ │ │ └── hash.js@1.0.3
134 silly idealTree │ │ │ └─┬ parse-asn1@5.0.0
134 silly idealTree │ │ │   ├─┬ asn1.js@4.5.2
134 silly idealTree │ │ │   │ └── minimalistic-assert@1.0.0
134 silly idealTree │ │ │   ├─┬ browserify-aes@1.0.6
134 silly idealTree │ │ │   │ ├── buffer-xor@1.0.3
134 silly idealTree │ │ │   │ └── cipher-base@1.0.2
134 silly idealTree │ │ │   └── evp_bytestokey@1.0.0
134 silly idealTree │ │ ├─┬ create-ecdh@4.0.0
134 silly idealTree │ │ │ ├── bn.js@4.11.1
134 silly idealTree │ │ │ └─┬ elliptic@6.2.3
134 silly idealTree │ │ │   ├── brorand@1.0.5
134 silly idealTree │ │ │   └── hash.js@1.0.3
134 silly idealTree │ │ ├─┬ create-hash@1.1.2
134 silly idealTree │ │ │ ├── cipher-base@1.0.2
134 silly idealTree │ │ │ ├── ripemd160@1.0.1
134 silly idealTree │ │ │ └── sha.js@2.4.5
134 silly idealTree │ │ ├── create-hmac@1.1.4
134 silly idealTree │ │ ├─┬ diffie-hellman@5.0.2
134 silly idealTree │ │ │ ├── bn.js@4.11.1
134 silly idealTree │ │ │ └─┬ miller-rabin@4.0.0
134 silly idealTree │ │ │   └── brorand@1.0.5
134 silly idealTree │ │ ├── inherits@2.0.1
134 silly idealTree │ │ ├── pbkdf2@3.0.4
134 silly idealTree │ │ ├─┬ public-encrypt@4.0.0
134 silly idealTree │ │ │ ├── bn.js@4.11.1
134 silly idealTree │ │ │ ├── browserify-rsa@4.0.1
134 silly idealTree │ │ │ └─┬ parse-asn1@5.0.0
134 silly idealTree │ │ │   ├─┬ asn1.js@4.5.2
134 silly idealTree │ │ │   │ └── minimalistic-assert@1.0.0
134 silly idealTree │ │ │   ├─┬ browserify-aes@1.0.6
134 silly idealTree │ │ │   │ ├── buffer-xor@1.0.3
134 silly idealTree │ │ │   │ └── cipher-base@1.0.2
134 silly idealTree │ │ │   └── evp_bytestokey@1.0.0
134 silly idealTree │ │ └── randombytes@2.0.3
134 silly idealTree │ ├── domain-browser@1.1.7
134 silly idealTree │ ├── events@1.1.0
134 silly idealTree │ ├─┬ http-browserify@1.7.0
134 silly idealTree │ │ ├── Base64@0.2.1
134 silly idealTree │ │ └── inherits@2.0.1
134 silly idealTree │ ├── https-browserify@0.0.1
134 silly idealTree │ ├── os-browserify@0.2.1
134 silly idealTree │ ├── path-browserify@0.0.0
134 silly idealTree │ ├── process@0.11.2
134 silly idealTree │ ├── punycode@1.4.1
134 silly idealTree │ ├── querystring-es3@0.2.1
134 silly idealTree │ ├─┬ readable-stream@2.0.6
134 silly idealTree │ │ ├── core-util-is@1.0.2
134 silly idealTree │ │ ├── inherits@2.0.1
134 silly idealTree │ │ ├── isarray@1.0.0
134 silly idealTree │ │ ├── process-nextick-args@1.0.6
134 silly idealTree │ │ └── util-deprecate@1.0.2
134 silly idealTree │ ├─┬ stream-browserify@2.0.1
134 silly idealTree │ │ └── inherits@2.0.1
134 silly idealTree │ ├── string_decoder@0.10.31
134 silly idealTree │ ├── timers-browserify@1.4.2
134 silly idealTree │ ├── tty-browserify@0.0.0
134 silly idealTree │ ├─┬ url@0.11.0
134 silly idealTree │ │ ├── punycode@1.3.2
134 silly idealTree │ │ └── querystring@0.2.0
134 silly idealTree │ ├─┬ util@0.10.3
134 silly idealTree │ │ └── inherits@2.0.1
134 silly idealTree │ └─┬ vm-browserify@0.0.4
134 silly idealTree │   └── indexof@0.0.1
134 silly idealTree ├── mime-db@1.24.0
134 silly idealTree ├── mime-types@2.1.12
134 silly idealTree ├── minimatch@1.0.0
134 silly idealTree ├── minimist@0.0.8
134 silly idealTree ├── mkdirp@0.5.1
134 silly idealTree ├── ms@0.7.1
134 silly idealTree ├── mv@0.0.5
134 silly idealTree ├── nan@2.4.0
134 silly idealTree ├── ncp@2.0.0
134 silly idealTree ├── node-cache@3.2.1
134 silly idealTree ├── node-gyp@3.2.1
134 silly idealTree ├── node-uuid@1.4.7
134 silly idealTree ├─┬ node-zookeeper-client@0.2.2
134 silly idealTree │ └── async@0.2.10
134 silly idealTree ├── nopt@2.1.1
134 silly idealTree ├── npmlog@1.2.1
134 silly idealTree ├── o-mapper@0.1.3
134 silly idealTree ├── oauth-sign@0.8.2
134 silly idealTree ├── once@1.3.0
134 silly idealTree ├── optional@0.1.3
134 silly idealTree ├── os-homedir@1.0.2
134 silly idealTree ├── os-tmpdir@1.0.2
134 silly idealTree ├── osenv@0.1.3
134 silly idealTree ├── path-array@1.0.1
134 silly idealTree ├── path-is-absolute@1.0.1
134 silly idealTree ├── pinkie-promise@2.0.1
134 silly idealTree ├── pinkie@2.0.4
134 silly idealTree ├─┬ pooling@0.4.6
134 silly idealTree │ └── dtrace-provider@0.2.8
134 silly idealTree ├── precond@0.2.3
134 silly idealTree ├── process-nextick-args@1.0.7
134 silly idealTree ├── qs@6.2.1
134 silly idealTree ├── raleway-webfont@3.0.1
134 silly idealTree ├── readable-stream@2.1.5
134 silly idealTree ├── request@2.75.0
134 silly idealTree ├── retry@0.6.1
134 silly idealTree ├─┬ rimraf@2.5.4
134 silly idealTree │ ├── glob@7.1.1
134 silly idealTree │ └── minimatch@3.0.3
134 silly idealTree ├── safe-json-stringify@1.0.3
134 silly idealTree ├── semver@5.3.0
134 silly idealTree ├── sigmund@1.0.1
134 silly idealTree ├─┬ snappy@4.1.2
134 silly idealTree │ └── nan@2.2.0
134 silly idealTree ├── sntp@1.0.9
134 silly idealTree ├─┬ sshpk@1.10.1
134 silly idealTree │ ├── asn1@0.2.3
134 silly idealTree │ └── assert-plus@1.0.0
134 silly idealTree ├── string_decoder@0.10.31
134 silly idealTree ├── stringstream@0.0.5
134 silly idealTree ├── strip-ansi@3.0.1
134 silly idealTree ├── supports-color@2.0.0
134 silly idealTree ├── tar@2.2.1
134 silly idealTree ├── tough-cookie@2.3.1
134 silly idealTree ├── traverse@0.3.9
134 silly idealTree ├── tunnel-agent@0.4.3
134 silly idealTree ├── tweetnacl@0.14.3
134 silly idealTree ├── underscore@1.4.4
134 silly idealTree ├── util-deprecate@1.0.2
134 silly idealTree ├── vasync@1.4.0
134 silly idealTree ├── verror@1.1.0
134 silly idealTree ├── which@1.2.11
134 silly idealTree ├── wrappy@1.0.2
134 silly idealTree └── xtend@4.0.1
135 silly generateActionsToTake Starting
136 silly install generateActionsToTake
137 silly generateActionsToTake Finishing
138 silly diffTrees action count 4
139 silly diffTrees add dtrace-provider@0.2.8
140 silly diffTrees add dtrace-provider@0.2.8
141 silly diffTrees add nan@2.4.0
142 silly diffTrees add dtrace-provider@0.6.0
143 silly decomposeActions action count 32
144 silly decomposeActions fetch dtrace-provider@0.2.8
145 silly decomposeActions extract dtrace-provider@0.2.8
146 silly decomposeActions test dtrace-provider@0.2.8
147 silly decomposeActions preinstall dtrace-provider@0.2.8
148 silly decomposeActions build dtrace-provider@0.2.8
149 silly decomposeActions install dtrace-provider@0.2.8
150 silly decomposeActions postinstall dtrace-provider@0.2.8
151 silly decomposeActions finalize dtrace-provider@0.2.8
152 silly decomposeActions fetch dtrace-provider@0.2.8
153 silly decomposeActions extract dtrace-provider@0.2.8
154 silly decomposeActions test dtrace-provider@0.2.8
155 silly decomposeActions preinstall dtrace-provider@0.2.8
156 silly decomposeActions build dtrace-provider@0.2.8
157 silly decomposeActions install dtrace-provider@0.2.8
158 silly decomposeActions postinstall dtrace-provider@0.2.8
159 silly decomposeActions finalize dtrace-provider@0.2.8
160 silly decomposeActions fetch nan@2.4.0
161 silly decomposeActions extract nan@2.4.0
162 silly decomposeActions test nan@2.4.0
163 silly decomposeActions preinstall nan@2.4.0
164 silly decomposeActions build nan@2.4.0
165 silly decomposeActions install nan@2.4.0
166 silly decomposeActions postinstall nan@2.4.0
167 silly decomposeActions finalize nan@2.4.0
168 silly decomposeActions fetch dtrace-provider@0.6.0
169 silly decomposeActions extract dtrace-provider@0.6.0
170 silly decomposeActions test dtrace-provider@0.6.0
171 silly decomposeActions preinstall dtrace-provider@0.6.0
172 silly decomposeActions build dtrace-provider@0.6.0
173 silly decomposeActions install dtrace-provider@0.6.0
174 silly decomposeActions postinstall dtrace-provider@0.6.0
175 silly decomposeActions finalize dtrace-provider@0.6.0
176 silly executeActions Starting
177 silly install executeActions
178 silly doSerial global-install 0
179 silly doParallel fetch 4
180 verbose lock using /home/oporto/.npm/_locks/staging-693bb18c712baf58.lock for /home/oporto/cmi.admin/node_modules/.staging
181 silly doParallel extract 4
182 silly extract dtrace-provider@0.2.8
183 silly extract dtrace-provider@0.2.8
184 silly extract nan@2.4.0
185 silly extract dtrace-provider@0.6.0
186 verbose unbuild node_modules/.staging/dtrace-provider-0346dc83
187 verbose unbuild node_modules/.staging/dtrace-provider-dcd3ac84
188 verbose unbuild node_modules/.staging/nan-e361db72
189 verbose unbuild node_modules/.staging/dtrace-provider-86edcef0
190 silly gentlyRm /home/oporto/cmi.admin/node_modules/.staging/dtrace-provider-0346dc83 is being purged from base /home/oporto/cmi.admin
191 verbose gentlyRm don't care about contents; nuking /home/oporto/cmi.admin/node_modules/.staging/dtrace-provider-0346dc83
192 silly gentlyRm /home/oporto/cmi.admin/node_modules/.staging/dtrace-provider-dcd3ac84 is being purged from base /home/oporto/cmi.admin
193 verbose gentlyRm don't care about contents; nuking /home/oporto/cmi.admin/node_modules/.staging/dtrace-provider-dcd3ac84
194 silly gentlyRm /home/oporto/cmi.admin/node_modules/.staging/nan-e361db72 is being purged from base /home/oporto/cmi.admin
195 verbose gentlyRm don't care about contents; nuking /home/oporto/cmi.admin/node_modules/.staging/nan-e361db72
196 silly gentlyRm /home/oporto/cmi.admin/node_modules/.staging/dtrace-provider-86edcef0 is being purged from base /home/oporto/cmi.admin
197 verbose gentlyRm don't care about contents; nuking /home/oporto/cmi.admin/node_modules/.staging/dtrace-provider-86edcef0
198 verbose tar unpack /home/oporto/.npm/dtrace-provider/0.2.8/package.tgz
199 verbose tar unpacking to /home/oporto/cmi.admin/node_modules/.staging/dtrace-provider-0346dc83
200 silly gentlyRm /home/oporto/cmi.admin/node_modules/.staging/dtrace-provider-0346dc83 is being purged
201 verbose gentlyRm don't care about contents; nuking /home/oporto/cmi.admin/node_modules/.staging/dtrace-provider-0346dc83
202 verbose tar unpack /home/oporto/.npm/dtrace-provider/0.2.8/package.tgz
203 verbose tar unpacking to /home/oporto/cmi.admin/node_modules/.staging/dtrace-provider-dcd3ac84
204 silly gentlyRm /home/oporto/cmi.admin/node_modules/.staging/dtrace-provider-dcd3ac84 is being purged
205 verbose gentlyRm don't care about contents; nuking /home/oporto/cmi.admin/node_modules/.staging/dtrace-provider-dcd3ac84
206 verbose tar unpack /home/oporto/.npm/nan/2.4.0/package.tgz
207 verbose tar unpacking to /home/oporto/cmi.admin/node_modules/.staging/nan-e361db72
208 silly gentlyRm /home/oporto/cmi.admin/node_modules/.staging/nan-e361db72 is being purged
209 verbose gentlyRm don't care about contents; nuking /home/oporto/cmi.admin/node_modules/.staging/nan-e361db72
210 verbose tar unpack /home/oporto/.npm/dtrace-provider/0.6.0/package.tgz
211 verbose tar unpacking to /home/oporto/cmi.admin/node_modules/.staging/dtrace-provider-86edcef0
212 silly gentlyRm /home/oporto/cmi.admin/node_modules/.staging/dtrace-provider-86edcef0 is being purged
213 verbose gentlyRm don't care about contents; nuking /home/oporto/cmi.admin/node_modules/.staging/dtrace-provider-86edcef0
214 silly gunzTarPerm modes [ '755', '644' ]
215 silly gunzTarPerm modes [ '755', '644' ]
216 silly gunzTarPerm modes [ '755', '644' ]
217 silly gunzTarPerm modes [ '755', '644' ]
218 silly gunzTarPerm extractEntry package.json
219 silly gunzTarPerm extractEntry package.json
220 silly gunzTarPerm extractEntry package.json
221 silly gunzTarPerm modified mode [ 'package.json', 436, 420 ]
222 silly gunzTarPerm extractEntry package.json
223 silly gunzTarPerm extractEntry .npmignore
224 silly gunzTarPerm extractEntry README.md
225 silly gunzTarPerm extractEntry .npmignore
226 silly gunzTarPerm extractEntry README.md
227 silly gunzTarPerm extractEntry README.md
228 silly gunzTarPerm modified mode [ 'README.md', 436, 420 ]
229 silly gunzTarPerm extractEntry include_dirs.js
230 silly gunzTarPerm modified mode [ 'include_dirs.js', 436, 420 ]
231 silly gunzTarPerm extractEntry .npmignore
232 silly gunzTarPerm extractEntry README.md
233 silly gunzTarPerm extractEntry LICENCE
234 silly gunzTarPerm extractEntry dtrace-provider.js
235 silly gunzTarPerm extractEntry LICENCE
236 silly gunzTarPerm extractEntry dtrace-provider.js
237 silly gunzTarPerm extractEntry nan_callbacks_pre_12_inl.h
238 silly gunzTarPerm modified mode [ 'nan_callbacks_pre_12_inl.h', 436, 420 ]
239 silly gunzTarPerm extractEntry CHANGELOG.md
240 silly gunzTarPerm modified mode [ 'CHANGELOG.md', 436, 420 ]
241 silly gunzTarPerm extractEntry LICENSE.md
242 silly gunzTarPerm modified mode [ 'LICENSE.md', 436, 420 ]
243 silly gunzTarPerm extractEntry LICENCE
244 silly gunzTarPerm extractEntry dtrace-provider.js
245 silly gunzTarPerm extractEntry doc/node_misc.md
246 silly gunzTarPerm modified mode [ 'doc/node_misc.md', 436, 420 ]
247 silly gunzTarPerm extractEntry foo.js
248 silly gunzTarPerm extractEntry libusdt-arch.js
249 silly gunzTarPerm extractEntry foo.js
250 silly gunzTarPerm extractEntry libusdt-arch.js
251 silly gunzTarPerm extractEntry libusdt-arch.js
252 silly gunzTarPerm extractEntry dtrace_probe.cc
253 silly gunzTarPerm extractEntry doc/asyncworker.md
254 silly gunzTarPerm modified mode [ 'doc/asyncworker.md', 436, 420 ]
255 silly gunzTarPerm extractEntry doc/callback.md
256 silly gunzTarPerm modified mode [ 'doc/callback.md', 436, 420 ]
257 silly gunzTarPerm extractEntry dtrace_probe.cc
258 silly gunzTarPerm extractEntry .gitmodules
259 silly gunzTarPerm extractEntry dtrace_argument.cc
260 silly gunzTarPerm extractEntry CHANGES.md
261 silly gunzTarPerm extractEntry dtrace_provider.cc
262 silly gunzTarPerm extractEntry dtrace_provider.h
263 silly gunzTarPerm extractEntry README.md~
264 silly gunzTarPerm extractEntry libusdt/.npmignore
265 silly gunzTarPerm extractEntry libusdt/README.md
266 silly gunzTarPerm extractEntry libusdt/LICENCE
267 silly gunzTarPerm extractEntry libusdt/usdt_tracepoints_x86_64.s
268 silly gunzTarPerm extractEntry libusdt/test.pl
269 silly gunzTarPerm extractEntry libusdt/test_mem_usage.c
270 silly gunzTarPerm extractEntry libusdt/test_usdt.c
271 silly gunzTarPerm extractEntry libusdt/usdt.c
272 silly gunzTarPerm extractEntry libusdt/Makefile
273 silly gunzTarPerm extractEntry libusdt/usdt_dof.c
274 silly gunzTarPerm extractEntry libusdt/usdt_dof_file.c
275 silly gunzTarPerm extractEntry libusdt/usdt_dof_sections.c
276 silly gunzTarPerm extractEntry libusdt/usdt_internal.h
277 silly gunzTarPerm extractEntry libusdt/usdt_probe.c
278 silly gunzTarPerm extractEntry libusdt/usdt_tracepoints_i386.s
279 silly gunzTarPerm extractEntry libusdt/usdt.h
280 silly gunzTarPerm extractEntry TODO.md
281 silly gunzTarPerm extractEntry libusdt-build.sh
282 silly gunzTarPerm extractEntry binding.gyp
283 silly gunzTarPerm extractEntry test/32probe-char.test.js
284 silly gunzTarPerm extractEntry test/enabledagain.test.js
285 silly gunzTarPerm extractEntry test/enabledagain_fire.js
286 silly gunzTarPerm extractEntry test/fewer-args-json.test.js
287 silly gunzTarPerm extractEntry test/fewer-args-json_fire.js
288 silly gunzTarPerm extractEntry test/enabled-disabled_fire.js
289 silly gunzTarPerm extractEntry test/fewer-args_fire.js
290 silly gunzTarPerm extractEntry test/gc.js
291 silly gunzTarPerm extractEntry test/gc.test.js
292 silly gunzTarPerm extractEntry test/gc2.js
293 silly gunzTarPerm extractEntry test/gc3.js
294 silly gunzTarPerm extractEntry test/enabled-disabled.test.js
295 silly gunzTarPerm extractEntry test/gc_fire.js
296 silly gunzTarPerm extractEntry test/dtrace-test.js
297 silly gunzTarPerm extractEntry test/json-args.test.js
298 silly gunzTarPerm extractEntry test/disambiguation_fire.js
299 silly gunzTarPerm extractEntry test/json-args_fire.js
300 silly gunzTarPerm extractEntry test/disambiguation.test.js
301 silly gunzTarPerm extractEntry test/mem.js
302 silly gunzTarPerm extractEntry test/basic_fire.js
303 silly gunzTarPerm extractEntry test/more-args.test.js
304 silly gunzTarPerm extractEntry test/basic.test.js
305 silly gunzTarPerm extractEntry test/more-args_fire.js
306 silly gunzTarPerm extractEntry test/32probe_fire.js
307 silly gunzTarPerm extractEntry test/multiple-json-args.test.js
308 silly gunzTarPerm extractEntry test/32probe.test.js
309 silly gunzTarPerm extractEntry test/multiple-json-args_fire.js
310 silly gunzTarPerm extractEntry test/32probe-char_fire.js
311 silly gunzTarPerm extractEntry test/notenabled.test.js
312 silly gunzTarPerm extractEntry test/fewer-args.test.js
313 silly gunzTarPerm extractEntry wscript
314 silly gunzTarPerm extractEntry dtrace_probe.cc
315 silly gunzTarPerm extractEntry .gitmodules
316 silly gunzTarPerm extractEntry dtrace_argument.cc
317 silly gunzTarPerm extractEntry CHANGES.md
318 silly gunzTarPerm extractEntry dtrace_provider.cc
319 silly gunzTarPerm extractEntry dtrace_provider.h
320 silly gunzTarPerm extractEntry README.md~
321 silly gunzTarPerm extractEntry libusdt/.npmignore
322 silly gunzTarPerm extractEntry libusdt/README.md
323 silly gunzTarPerm extractEntry libusdt/LICENCE
324 silly gunzTarPerm extractEntry libusdt/usdt_tracepoints_x86_64.s
325 silly gunzTarPerm extractEntry libusdt/test.pl
326 silly gunzTarPerm extractEntry libusdt/test_mem_usage.c
327 silly gunzTarPerm extractEntry libusdt/test_usdt.c
328 silly gunzTarPerm extractEntry libusdt/usdt.c
329 silly gunzTarPerm extractEntry libusdt/Makefile
330 silly gunzTarPerm extractEntry libusdt/usdt_dof.c
331 silly gunzTarPerm extractEntry libusdt/usdt_dof_file.c
332 silly gunzTarPerm extractEntry libusdt/usdt_dof_sections.c
333 silly gunzTarPerm extractEntry libusdt/usdt_internal.h
334 silly gunzTarPerm extractEntry libusdt/usdt_probe.c
335 silly gunzTarPerm extractEntry libusdt/usdt_tracepoints_i386.s
336 silly gunzTarPerm extractEntry libusdt/usdt.h
337 silly gunzTarPerm extractEntry TODO.md
338 silly gunzTarPerm extractEntry libusdt-build.sh
339 silly gunzTarPerm extractEntry binding.gyp
340 silly gunzTarPerm extractEntry test/32probe-char.test.js
341 silly gunzTarPerm extractEntry test/enabledagain.test.js
342 silly gunzTarPerm extractEntry test/enabledagain_fire.js
343 silly gunzTarPerm extractEntry test/fewer-args-json.test.js
344 silly gunzTarPerm extractEntry test/fewer-args-json_fire.js
345 silly gunzTarPerm extractEntry test/enabled-disabled_fire.js
346 silly gunzTarPerm extractEntry test/fewer-args_fire.js
347 silly gunzTarPerm extractEntry test/gc.js
348 silly gunzTarPerm extractEntry test/gc.test.js
349 silly gunzTarPerm extractEntry test/gc2.js
350 silly gunzTarPerm extractEntry test/gc3.js
351 silly gunzTarPerm extractEntry test/enabled-disabled.test.js
352 silly gunzTarPerm extractEntry test/gc_fire.js
353 silly gunzTarPerm extractEntry test/dtrace-test.js
354 silly gunzTarPerm extractEntry test/json-args.test.js
355 silly gunzTarPerm extractEntry test/disambiguation_fire.js
356 silly gunzTarPerm extractEntry test/json-args_fire.js
357 silly gunzTarPerm extractEntry test/disambiguation.test.js
358 silly gunzTarPerm extractEntry test/mem.js
359 silly gunzTarPerm extractEntry test/basic_fire.js
360 silly gunzTarPerm extractEntry test/more-args.test.js
361 silly gunzTarPerm extractEntry test/basic.test.js
362 silly gunzTarPerm extractEntry test/more-args_fire.js
363 silly gunzTarPerm extractEntry test/32probe_fire.js
364 silly gunzTarPerm extractEntry test/multiple-json-args.test.js
365 silly gunzTarPerm extractEntry test/32probe.test.js
366 silly gunzTarPerm extractEntry test/multiple-json-args_fire.js
367 silly gunzTarPerm extractEntry test/32probe-char_fire.js
368 silly gunzTarPerm extractEntry test/notenabled.test.js
369 silly gunzTarPerm extractEntry test/fewer-args.test.js
370 silly gunzTarPerm extractEntry wscript
371 silly gunzTarPerm extractEntry .gitmodules
372 silly gunzTarPerm extractEntry doc/converters.md
373 silly gunzTarPerm modified mode [ 'doc/converters.md', 436, 420 ]
374 silly gunzTarPerm extractEntry doc/errors.md
375 silly gunzTarPerm modified mode [ 'doc/errors.md', 436, 420 ]
376 silly gunzTarPerm extractEntry dtrace_argument.cc
377 silly gunzTarPerm extractEntry CHANGES.md
378 silly gunzTarPerm extractEntry doc/maybe_types.md
379 silly gunzTarPerm modified mode [ 'doc/maybe_types.md', 436, 420 ]
380 silly gunzTarPerm extractEntry doc/methods.md
381 silly gunzTarPerm modified mode [ 'doc/methods.md', 436, 420 ]
382 silly gunzTarPerm extractEntry dtrace_provider.cc
383 silly gunzTarPerm extractEntry dtrace_provider.h
384 silly gunzTarPerm extractEntry doc/new.md
385 silly gunzTarPerm modified mode [ 'doc/new.md', 436, 420 ]
386 silly gunzTarPerm extractEntry doc/buffers.md
387 silly gunzTarPerm modified mode [ 'doc/buffers.md', 436, 420 ]
388 silly gunzTarPerm extractEntry libusdt/.npmignore
389 silly gunzTarPerm extractEntry libusdt/README.md
390 silly gunzTarPerm extractEntry doc/object_wrappers.md
391 silly gunzTarPerm modified mode [ 'doc/object_wrappers.md', 436, 420 ]
392 silly gunzTarPerm extractEntry doc/persistent.md
393 silly gunzTarPerm modified mode [ 'doc/persistent.md', 436, 420 ]
394 silly gunzTarPerm extractEntry libusdt/LICENCE
395 silly gunzTarPerm extractEntry libusdt/usdt_tracepoints_x86_64.s
396 silly gunzTarPerm extractEntry doc/scopes.md
397 silly gunzTarPerm modified mode [ 'doc/scopes.md', 436, 420 ]
398 silly gunzTarPerm extractEntry doc/script.md
399 silly gunzTarPerm modified mode [ 'doc/script.md', 436, 420 ]
400 silly gunzTarPerm extractEntry libusdt/test.pl
401 silly gunzTarPerm extractEntry libusdt/test_mem_usage.c
402 silly gunzTarPerm extractEntry doc/string_bytes.md
403 silly gunzTarPerm modified mode [ 'doc/string_bytes.md', 436, 420 ]
404 silly gunzTarPerm extractEntry doc/v8_internals.md
405 silly gunzTarPerm modified mode [ 'doc/v8_internals.md', 436, 420 ]
406 silly gunzTarPerm extractEntry libusdt/test_usdt.c
407 silly gunzTarPerm extractEntry libusdt/usdt.c
408 silly gunzTarPerm extractEntry doc/v8_misc.md
409 silly gunzTarPerm modified mode [ 'doc/v8_misc.md', 436, 420 ]
410 silly gunzTarPerm extractEntry nan.h
411 silly gunzTarPerm modified mode [ 'nan.h', 436, 420 ]
412 silly gunzTarPerm extractEntry libusdt/Makefile
413 silly gunzTarPerm extractEntry libusdt/usdt_dof.c
414 silly gunzTarPerm extractEntry nan_callbacks.h
415 silly gunzTarPerm modified mode [ 'nan_callbacks.h', 436, 420 ]
416 silly gunzTarPerm extractEntry nan_callbacks_12_inl.h
417 silly gunzTarPerm modified mode [ 'nan_callbacks_12_inl.h', 436, 420 ]
418 silly gunzTarPerm extractEntry libusdt/usdt_dof_file.c
419 silly gunzTarPerm extractEntry libusdt/usdt_dof_sections.c
420 silly gunzTarPerm extractEntry nan_converters.h
421 silly gunzTarPerm modified mode [ 'nan_converters.h', 436, 420 ]
422 silly gunzTarPerm extractEntry nan_converters_43_inl.h
423 silly gunzTarPerm modified mode [ 'nan_converters_43_inl.h', 436, 420 ]
424 silly gunzTarPerm extractEntry nan_converters_pre_43_inl.h
425 silly gunzTarPerm modified mode [ 'nan_converters_pre_43_inl.h', 436, 420 ]
426 silly gunzTarPerm extractEntry nan_implementation_12_inl.h
427 silly gunzTarPerm modified mode [ 'nan_implementation_12_inl.h', 436, 420 ]
428 silly gunzTarPerm extractEntry libusdt/usdt_internal.h
429 silly gunzTarPerm extractEntry libusdt/usdt_probe.c
430 silly gunzTarPerm extractEntry nan_implementation_pre_12_inl.h
431 silly gunzTarPerm modified mode [ 'nan_implementation_pre_12_inl.h', 436, 420 ]
432 silly gunzTarPerm extractEntry nan_maybe_43_inl.h
433 silly gunzTarPerm modified mode [ 'nan_maybe_43_inl.h', 436, 420 ]
434 silly gunzTarPerm extractEntry nan_maybe_pre_43_inl.h
435 silly gunzTarPerm modified mode [ 'nan_maybe_pre_43_inl.h', 436, 420 ]
436 silly gunzTarPerm extractEntry nan_new.h
437 silly gunzTarPerm modified mode [ 'nan_new.h', 436, 420 ]
438 silly gunzTarPerm extractEntry libusdt/usdt_tracepoints_i386.s
439 silly gunzTarPerm extractEntry libusdt/usdt.h
440 silly gunzTarPerm extractEntry nan_object_wrap.h
441 silly gunzTarPerm modified mode [ 'nan_object_wrap.h', 436, 420 ]
442 silly gunzTarPerm extractEntry nan_persistent_12_inl.h
443 silly gunzTarPerm modified mode [ 'nan_persistent_12_inl.h', 436, 420 ]
444 silly gunzTarPerm extractEntry TODO.md
445 silly gunzTarPerm extractEntry libusdt-build.sh
446 silly gunzTarPerm extractEntry nan_persistent_pre_12_inl.h
447 silly gunzTarPerm modified mode [ 'nan_persistent_pre_12_inl.h', 436, 420 ]
448 silly gunzTarPerm extractEntry nan_string_bytes.h
449 silly gunzTarPerm modified mode [ 'nan_string_bytes.h', 436, 420 ]
450 silly gunzTarPerm extractEntry compile.py
451 silly gunzTarPerm extractEntry scripts/install.js
452 silly gunzTarPerm extractEntry nan_typedarray_contents.h
453 silly gunzTarPerm modified mode [ 'nan_typedarray_contents.h', 436, 420 ]
454 silly gunzTarPerm extractEntry nan_weak.h
455 silly gunzTarPerm modified mode [ 'nan_weak.h', 436, 420 ]
456 silly gunzTarPerm extractEntry test/32probe-char.test.js
457 silly gunzTarPerm extractEntry test/enabled-disabled.test.js
458 silly gunzTarPerm extractEntry tools/package.json
459 silly gunzTarPerm modified mode [ 'tools/package.json', 436, 420 ]
460 silly gunzTarPerm extractEntry tools/README.md
461 silly gunzTarPerm modified mode [ 'tools/README.md', 436, 420 ]
462 silly gunzTarPerm extractEntry test/enabled-disabled_fire.js
463 silly gunzTarPerm extractEntry test/enabledagain.test.js
464 silly gunzTarPerm extractEntry tools/1to2.js
465 silly gunzTarPerm modified mode [ 'tools/1to2.js', 509, 493 ]
466 silly gunzTarPerm extractEntry test/dtrace-test.js
467 silly gunzTarPerm extractEntry test/fewer-args-json.test.js
468 silly gunzTarPerm extractEntry test/fewer-args-json_fire.js
469 silly gunzTarPerm extractEntry test/fewer-args.test.js
470 silly gunzTarPerm extractEntry test/fewer-args_fire.js
471 silly gunzTarPerm extractEntry test/gc.js
472 silly gunzTarPerm extractEntry test/disambiguation_fire.js
473 silly gunzTarPerm extractEntry test/gc.test.js
474 silly gunzTarPerm extractEntry test/disambiguation.test.js
475 silly gunzTarPerm extractEntry test/gc2.js
476 silly gunzTarPerm extractEntry test/create-destroy_fire.js
477 silly gunzTarPerm extractEntry test/gc3.js
478 silly gunzTarPerm extractEntry test/create-destroy.test.js
479 silly gunzTarPerm extractEntry test/gc_fire.js
480 silly gunzTarPerm extractEntry test/basic_fire.js
481 silly gunzTarPerm extractEntry test/json-args.test.js
482 silly gunzTarPerm extractEntry test/basic.test.js
483 silly gunzTarPerm extractEntry test/json-args_fire.js
484 silly gunzTarPerm extractEntry test/add-probes_fire.js
485 silly gunzTarPerm extractEntry test/more-args.test.js
486 silly gunzTarPerm extractEntry test/add-probes.test.js
487 silly gunzTarPerm extractEntry test/more-args_fire.js
488 silly gunzTarPerm extractEntry test/32probe_fire.js
489 silly gunzTarPerm extractEntry test/multiple-json-args.test.js
490 silly gunzTarPerm extractEntry test/32probe.test.js
491 silly gunzTarPerm extractEntry test/multiple-json-args_fire.js
492 silly gunzTarPerm extractEntry test/32probe-char_fire.js
493 silly gunzTarPerm extractEntry test/notenabled.test.js
494 silly gunzTarPerm extractEntry test/enabledagain_fire.js
495 silly gunzTarPerm extractEntry wscript
496 silly gentlyRm /home/oporto/cmi.admin/node_modules/.staging/nan-e361db72/node_modules is being purged
497 verbose gentlyRm don't care about contents; nuking /home/oporto/cmi.admin/node_modules/.staging/nan-e361db72/node_modules
498 silly gentlyRm /home/oporto/cmi.admin/node_modules/.staging/dtrace-provider-0346dc83/node_modules is being purged
499 verbose gentlyRm don't care about contents; nuking /home/oporto/cmi.admin/node_modules/.staging/dtrace-provider-0346dc83/node_modules
500 silly gentlyRm /home/oporto/cmi.admin/node_modules/.staging/dtrace-provider-dcd3ac84/node_modules is being purged
501 verbose gentlyRm don't care about contents; nuking /home/oporto/cmi.admin/node_modules/.staging/dtrace-provider-dcd3ac84/node_modules
502 silly gentlyRm /home/oporto/cmi.admin/node_modules/.staging/dtrace-provider-86edcef0/node_modules is being purged
503 verbose gentlyRm don't care about contents; nuking /home/oporto/cmi.admin/node_modules/.staging/dtrace-provider-86edcef0/node_modules
504 silly doParallel preinstall 4
505 silly preinstall dtrace-provider@0.2.8 /home/oporto/cmi.admin/node_modules/.staging/dtrace-provider-0346dc83
506 info lifecycle dtrace-provider@0.2.8~preinstall: dtrace-provider@0.2.8
507 silly preinstall dtrace-provider@0.2.8 /home/oporto/cmi.admin/node_modules/.staging/dtrace-provider-dcd3ac84
508 info lifecycle dtrace-provider@0.2.8~preinstall: dtrace-provider@0.2.8
509 silly preinstall nan@2.4.0 /home/oporto/cmi.admin/node_modules/.staging/nan-e361db72
510 info lifecycle nan@2.4.0~preinstall: nan@2.4.0
511 silly preinstall dtrace-provider@0.6.0 /home/oporto/cmi.admin/node_modules/.staging/dtrace-provider-86edcef0
512 info lifecycle dtrace-provider@0.6.0~preinstall: dtrace-provider@0.6.0
513 silly lifecycle dtrace-provider@0.2.8~preinstall: no script for preinstall, continuing
514 silly lifecycle dtrace-provider@0.2.8~preinstall: no script for preinstall, continuing
515 silly lifecycle nan@2.4.0~preinstall: no script for preinstall, continuing
516 silly lifecycle dtrace-provider@0.6.0~preinstall: no script for preinstall, continuing
517 silly doReverseSerial remove 0
518 silly doSerial move 0
519 silly doSerial finalize 4
520 silly finalize /home/oporto/cmi.admin/node_modules/bunyan/node_modules/dtrace-provider
521 silly finalize /home/oporto/cmi.admin/node_modules/epfl-ldap/node_modules/dtrace-provider
522 silly finalize /home/oporto/cmi.admin/node_modules/nan
523 silly finalize /home/oporto/cmi.admin/node_modules/dtrace-provider
524 silly doSerial build 4
525 silly build dtrace-provider@0.2.8
526 info linkStuff dtrace-provider@0.2.8
527 silly linkStuff dtrace-provider@0.2.8 has /home/oporto/cmi.admin/node_modules/bunyan/node_modules as its parent node_modules
528 verbose linkBins dtrace-provider@0.2.8
529 verbose linkMans dtrace-provider@0.2.8
530 silly build dtrace-provider@0.2.8
531 info linkStuff dtrace-provider@0.2.8
532 silly linkStuff dtrace-provider@0.2.8 has /home/oporto/cmi.admin/node_modules/epfl-ldap/node_modules as its parent node_modules
533 verbose linkBins dtrace-provider@0.2.8
534 verbose linkMans dtrace-provider@0.2.8
535 silly build nan@2.4.0
536 info linkStuff nan@2.4.0
537 silly linkStuff nan@2.4.0 has /home/oporto/cmi.admin/node_modules as its parent node_modules
538 verbose linkBins nan@2.4.0
539 verbose linkMans nan@2.4.0
540 silly build dtrace-provider@0.6.0
541 info linkStuff dtrace-provider@0.6.0
542 silly linkStuff dtrace-provider@0.6.0 has /home/oporto/cmi.admin/node_modules as its parent node_modules
543 verbose linkBins dtrace-provider@0.6.0
544 verbose linkMans dtrace-provider@0.6.0
545 silly doSerial global-link 0
546 silly doParallel update-linked 0
547 silly doSerial install 4
548 silly install dtrace-provider@0.2.8 /home/oporto/cmi.admin/node_modules/.staging/dtrace-provider-0346dc83
549 info lifecycle dtrace-provider@0.2.8~install: dtrace-provider@0.2.8
550 verbose lifecycle dtrace-provider@0.2.8~install: unsafe-perm in lifecycle false
551 verbose lifecycle dtrace-provider@0.2.8~install: PATH: /usr/share/npm/bin/node-gyp-bin:/home/oporto/cmi.admin/node_modules/bunyan/node_modules/dtrace-provider/node_modules/.bin:/home/oporto/cmi.admin/node_modules/bunyan/node_modules/.bin:/home/oporto/cmi.admin/node_modules/.bin:/usr/local/sbin:/usr/local/bin:/usr/sbin:/usr/bin:/sbin:/bin:/snap/bin
552 verbose lifecycle dtrace-provider@0.2.8~install: CWD: /home/oporto/cmi.admin/node_modules/bunyan/node_modules/dtrace-provider
553 silly lifecycle dtrace-provider@0.2.8~install: Args: [ '-c', 'node-gyp rebuild' ]
554 info lifecycle dtrace-provider@0.2.8~install: Failed to exec install script
555 warn install:dtrace-provider@0.2.8 dtrace-provider@0.2.8 install: `node-gyp rebuild`
555 warn install:dtrace-provider@0.2.8 spawn ENOENT
556 verbose install:dtrace-provider@0.2.8 Error: dtrace-provider@0.2.8 install: `node-gyp rebuild`
556 verbose install:dtrace-provider@0.2.8 spawn ENOENT
556 verbose install:dtrace-provider@0.2.8     at ChildProcess.<anonymous> (/usr/share/npm/lib/utils/spawn.js:17:16)
556 verbose install:dtrace-provider@0.2.8     at emitTwo (events.js:87:13)
556 verbose install:dtrace-provider@0.2.8     at ChildProcess.emit (events.js:172:7)
556 verbose install:dtrace-provider@0.2.8     at maybeClose (internal/child_process.js:821:16)
556 verbose install:dtrace-provider@0.2.8     at Process.ChildProcess._handle.onexit (internal/child_process.js:211:5)
557 silly install dtrace-provider@0.2.8 /home/oporto/cmi.admin/node_modules/.staging/dtrace-provider-dcd3ac84
558 info lifecycle dtrace-provider@0.2.8~install: dtrace-provider@0.2.8
559 verbose lifecycle dtrace-provider@0.2.8~install: unsafe-perm in lifecycle false
560 verbose lifecycle dtrace-provider@0.2.8~install: PATH: /usr/share/npm/bin/node-gyp-bin:/home/oporto/cmi.admin/node_modules/epfl-ldap/node_modules/dtrace-provider/node_modules/.bin:/home/oporto/cmi.admin/node_modules/epfl-ldap/node_modules/.bin:/home/oporto/cmi.admin/node_modules/.bin:/usr/local/sbin:/usr/local/bin:/usr/sbin:/usr/bin:/sbin:/bin:/snap/bin
561 verbose lifecycle dtrace-provider@0.2.8~install: CWD: /home/oporto/cmi.admin/node_modules/epfl-ldap/node_modules/dtrace-provider
562 silly lifecycle dtrace-provider@0.2.8~install: Args: [ '-c', 'node-gyp rebuild' ]
563 info lifecycle dtrace-provider@0.2.8~install: Failed to exec install script
564 warn install:dtrace-provider@0.2.8 dtrace-provider@0.2.8 install: `node-gyp rebuild`
564 warn install:dtrace-provider@0.2.8 spawn ENOENT
565 verbose install:dtrace-provider@0.2.8 Error: dtrace-provider@0.2.8 install: `node-gyp rebuild`
565 verbose install:dtrace-provider@0.2.8 spawn ENOENT
565 verbose install:dtrace-provider@0.2.8     at ChildProcess.<anonymous> (/usr/share/npm/lib/utils/spawn.js:17:16)
565 verbose install:dtrace-provider@0.2.8     at emitTwo (events.js:87:13)
565 verbose install:dtrace-provider@0.2.8     at ChildProcess.emit (events.js:172:7)
565 verbose install:dtrace-provider@0.2.8     at maybeClose (internal/child_process.js:821:16)
565 verbose install:dtrace-provider@0.2.8     at Process.ChildProcess._handle.onexit (internal/child_process.js:211:5)
566 silly install nan@2.4.0 /home/oporto/cmi.admin/node_modules/.staging/nan-e361db72
567 info lifecycle nan@2.4.0~install: nan@2.4.0
568 silly lifecycle nan@2.4.0~install: no script for install, continuing
569 silly install dtrace-provider@0.6.0 /home/oporto/cmi.admin/node_modules/.staging/dtrace-provider-86edcef0
570 info lifecycle dtrace-provider@0.6.0~install: dtrace-provider@0.6.0
571 verbose lifecycle dtrace-provider@0.6.0~install: unsafe-perm in lifecycle false
572 verbose lifecycle dtrace-provider@0.6.0~install: PATH: /usr/share/npm/bin/node-gyp-bin:/home/oporto/cmi.admin/node_modules/dtrace-provider/node_modules/.bin:/home/oporto/cmi.admin/node_modules/.bin:/usr/local/sbin:/usr/local/bin:/usr/sbin:/usr/bin:/sbin:/bin:/snap/bin
573 verbose lifecycle dtrace-provider@0.6.0~install: CWD: /home/oporto/cmi.admin/node_modules/dtrace-provider
574 silly lifecycle dtrace-provider@0.6.0~install: Args: [ '-c', 'node scripts/install.js' ]
575 info lifecycle dtrace-provider@0.6.0~install: Failed to exec install script
576 verbose unlock done using /home/oporto/.npm/_locks/staging-693bb18c712baf58.lock for /home/oporto/cmi.admin/node_modules/.staging
577 silly rollbackFailedOptional Starting
578 silly rollbackFailedOptional Finishing
579 silly runTopLevelLifecycles Starting
580 silly runTopLevelLifecycles Finishing
581 silly install printInstalled
582 verbose stack Error: dtrace-provider@0.6.0 install: `node scripts/install.js`
582 verbose stack spawn ENOENT
582 verbose stack     at ChildProcess.<anonymous> (/usr/share/npm/lib/utils/spawn.js:17:16)
582 verbose stack     at emitTwo (events.js:87:13)
582 verbose stack     at ChildProcess.emit (events.js:172:7)
582 verbose stack     at maybeClose (internal/child_process.js:821:16)
582 verbose stack     at Process.ChildProcess._handle.onexit (internal/child_process.js:211:5)
583 verbose pkgid dtrace-provider@0.6.0
584 verbose cwd /home/oporto/cmi.admin
585 error Linux 4.4.0-36-generic
586 error argv "/usr/bin/nodejs" "/usr/bin/npm" "install"
587 error node v4.2.6
588 error npm  v3.5.2
589 error file sh
590 error code ELIFECYCLE
591 error errno ENOENT
592 error syscall spawn
593 error dtrace-provider@0.6.0 install: `node scripts/install.js`
593 error spawn ENOENT
594 error Failed at the dtrace-provider@0.6.0 install script 'node scripts/install.js'.
594 error Make sure you have the latest version of node.js and npm installed.
594 error If you do, this is most likely a problem with the dtrace-provider package,
594 error not with npm itself.
594 error Tell the author that this fails on your system:
594 error     node scripts/install.js
594 error You can get information on how to open an issue for this project with:
594 error     npm bugs dtrace-provider
594 error Or if that isn't available, you can get their info via:
594 error     npm owner ls dtrace-provider
594 error There is likely additional logging output above.
595 verbose exit [ 1, true ]
